2018-08-07 12:20:08,058 [Worker-1] INFO  o.e.m.c.i.p.ProjectConfigurationManager - Collecting project info '/pom.xml' C:\Users\b005204\Automation POC\poc-project\pom.xml
2018-08-07 12:20:09,016 [Worker-1] INFO  o.e.m.c.i.e.AbstractTransferListenerAdapter - Downloading https://repo.maven.apache.org/maven2/org/apache/maven/plugins/maven-jar-plugin/2.4/maven-jar-plugin-2.4.jar
2018-08-07 12:20:09,045 [Worker-1] INFO  o.e.m.c.i.e.AbstractTransferListenerAdapter - Downloaded https://repo.maven.apache.org/maven2/org/apache/maven/plugins/maven-jar-plugin/2.4/maven-jar-plugin-2.4.jar
2018-08-07 12:20:10,277 [Worker-1] INFO  o.e.m.c.i.l.LifecycleMappingFactory - Using org.eclipse.m2e.jdt.JarLifecycleMapping lifecycle mapping for MavenProject: org.automation.poc:poc-project:1.0-SNAPSHOT @ C:\Users\b005204\Automation POC\poc-project\pom.xml.
2018-08-07 12:20:10,513 [Worker-1] INFO  o.e.m.c.i.e.AbstractTransferListenerAdapter - Downloading https://repo.maven.apache.org/maven2/org/apache/maven/plugins/maven-jar-plugin/2.4/maven-jar-plugin-2.4.pom
2018-08-07 12:20:10,527 [Worker-1] INFO  o.e.m.c.i.e.AbstractTransferListenerAdapter - Downloaded https://repo.maven.apache.org/maven2/org/apache/maven/plugins/maven-jar-plugin/2.4/maven-jar-plugin-2.4.pom
2018-08-07 12:20:10,892 [Worker-1] INFO  o.e.m.c.i.e.AbstractTransferListenerAdapter - Downloading https://repo.maven.apache.org/maven2/commons-lang/commons-lang/2.1/commons-lang-2.1.pom
2018-08-07 12:20:10,909 [Worker-1] INFO  o.e.m.c.i.e.AbstractTransferListenerAdapter - Downloaded https://repo.maven.apache.org/maven2/commons-lang/commons-lang/2.1/commons-lang-2.1.pom
2018-08-07 12:20:10,991 [Worker-1] INFO  o.e.m.c.i.e.AbstractTransferListenerAdapter - Downloading https://repo.maven.apache.org/maven2/classworlds/classworlds/1.1-alpha-2/classworlds-1.1-alpha-2.jar
2018-08-07 12:20:11,009 [Worker-1] INFO  o.e.m.c.i.e.AbstractTransferListenerAdapter - Downloaded https://repo.maven.apache.org/maven2/classworlds/classworlds/1.1-alpha-2/classworlds-1.1-alpha-2.jar
2018-08-07 12:20:11,014 [Worker-1] INFO  o.e.m.c.i.e.AbstractTransferListenerAdapter - Downloading https://repo.maven.apache.org/maven2/commons-lang/commons-lang/2.1/commons-lang-2.1.jar
2018-08-07 12:20:11,052 [Worker-1] INFO  o.e.m.c.i.e.AbstractTransferListenerAdapter - Downloaded https://repo.maven.apache.org/maven2/commons-lang/commons-lang/2.1/commons-lang-2.1.jar
2018-08-07 12:20:12,044 [Worker-1] INFO  o.e.m.j.i.AbstractJavaProjectConfigurator - Adding source folder /poc-project/src/main/java
2018-08-07 12:20:12,054 [Worker-1] INFO  o.e.m.j.i.AbstractJavaProjectConfigurator - Adding source folder /poc-project/src/test/java
2018-08-07 12:20:13,128 [Worker-1] INFO  o.e.m.c.i.p.ProjectConfigurationManager - Imported and configured 1 project(s) in 5 sec
2018-08-07 12:20:14,023 [Worker-17] INFO  o.e.m.c.i.embedder.EclipseLogger - Using 'UTF-8' encoding to copy filtered resources.
2018-08-07 12:20:14,024 [Worker-17] INFO  o.e.m.c.i.embedder.EclipseLogger - skip non existing resourceDirectory C:\Users\b005204\Automation POC\poc-project\src\main\resources
2018-08-07 12:20:14,033 [Worker-17] INFO  o.e.m.c.i.embedder.EclipseLogger - Using 'UTF-8' encoding to copy filtered resources.
2018-08-07 12:20:14,034 [Worker-17] INFO  o.e.m.c.i.embedder.EclipseLogger - skip non existing resourceDirectory C:\Users\b005204\Automation POC\poc-project\src\test\resources
2018-08-07 12:21:15,851 [Worker-18] INFO  o.e.m.c.i.embedder.EclipseLogger - Using 'UTF-8' encoding to copy filtered resources.
2018-08-07 12:21:15,851 [Worker-18] INFO  o.e.m.c.i.embedder.EclipseLogger - skip non existing resourceDirectory C:\Users\b005204\Automation POC\poc-project\src\main\resources
2018-08-07 12:21:15,853 [Worker-18] INFO  o.e.m.c.i.embedder.EclipseLogger - Using 'UTF-8' encoding to copy filtered resources.
2018-08-07 12:21:15,853 [Worker-18] INFO  o.e.m.c.i.embedder.EclipseLogger - skip non existing resourceDirectory C:\Users\b005204\Automation POC\poc-project\src\test\resources
2018-08-07 12:27:43,861 [Worker-18] INFO  o.e.m.c.i.embedder.EclipseLogger - Using 'UTF-8' encoding to copy filtered resources.
2018-08-07 12:27:43,861 [Worker-18] INFO  o.e.m.c.i.embedder.EclipseLogger - skip non existing resourceDirectory C:\Users\b005204\Automation POC\poc-project\src\main\resources
2018-08-07 12:27:43,863 [Worker-18] INFO  o.e.m.c.i.embedder.EclipseLogger - Using 'UTF-8' encoding to copy filtered resources.
2018-08-07 12:27:43,863 [Worker-18] INFO  o.e.m.c.i.embedder.EclipseLogger - skip non existing resourceDirectory C:\Users\b005204\Automation POC\poc-project\src\test\resources
2018-08-07 12:29:32,933 [Worker-21] INFO  o.e.m.c.i.embedder.EclipseLogger - Using 'UTF-8' encoding to copy filtered resources.
2018-08-07 12:29:32,934 [Worker-21] INFO  o.e.m.c.i.embedder.EclipseLogger - skip non existing resourceDirectory C:\Users\b005204\Automation POC\poc-project\src\main\resources
2018-08-07 12:29:32,936 [Worker-21] INFO  o.e.m.c.i.embedder.EclipseLogger - Using 'UTF-8' encoding to copy filtered resources.
2018-08-07 12:29:32,936 [Worker-21] INFO  o.e.m.c.i.embedder.EclipseLogger - skip non existing resourceDirectory C:\Users\b005204\Automation POC\poc-project\src\test\resources
2018-08-07 12:30:04,846 [Worker-21] INFO  o.e.m.c.i.embedder.EclipseLogger - Using 'UTF-8' encoding to copy filtered resources.
2018-08-07 12:30:04,847 [Worker-21] INFO  o.e.m.c.i.embedder.EclipseLogger - skip non existing resourceDirectory C:\Users\b005204\Automation POC\poc-project\src\main\resources
2018-08-07 12:30:04,848 [Worker-21] INFO  o.e.m.c.i.embedder.EclipseLogger - Using 'UTF-8' encoding to copy filtered resources.
2018-08-07 12:30:04,849 [Worker-21] INFO  o.e.m.c.i.embedder.EclipseLogger - skip non existing resourceDirectory C:\Users\b005204\Automation POC\poc-project\src\test\resources
2018-08-07 12:30:24,891 [Worker-19] INFO  o.e.m.c.i.embedder.EclipseLogger - Using 'UTF-8' encoding to copy filtered resources.
2018-08-07 12:30:24,892 [Worker-19] INFO  o.e.m.c.i.embedder.EclipseLogger - skip non existing resourceDirectory C:\Users\b005204\Automation POC\poc-project\src\main\resources
2018-08-07 12:30:24,893 [Worker-19] INFO  o.e.m.c.i.embedder.EclipseLogger - Using 'UTF-8' encoding to copy filtered resources.
2018-08-07 12:30:24,894 [Worker-19] INFO  o.e.m.c.i.embedder.EclipseLogger - skip non existing resourceDirectory C:\Users\b005204\Automation POC\poc-project\src\test\resources
2018-08-07 12:35:35,249 [Worker-21] INFO  o.e.m.c.i.embedder.EclipseLogger - Using 'UTF-8' encoding to copy filtered resources.
2018-08-07 12:35:35,249 [Worker-21] INFO  o.e.m.c.i.embedder.EclipseLogger - skip non existing resourceDirectory C:\Users\b005204\Automation POC\poc-project\src\main\resources
2018-08-07 12:35:35,250 [Worker-21] INFO  o.e.m.c.i.embedder.EclipseLogger - Using 'UTF-8' encoding to copy filtered resources.
2018-08-07 12:35:35,251 [Worker-21] INFO  o.e.m.c.i.embedder.EclipseLogger - skip non existing resourceDirectory C:\Users\b005204\Automation POC\poc-project\src\test\resources
2018-08-07 12:52:41,136 [Worker-37] INFO  o.e.m.c.i.embedder.EclipseLogger - Using 'UTF-8' encoding to copy filtered resources.
2018-08-07 12:52:41,137 [Worker-37] INFO  o.e.m.c.i.embedder.EclipseLogger - skip non existing resourceDirectory C:\Users\b005204\Automation POC\poc-project\src\main\resources
2018-08-07 12:52:41,141 [Worker-37] INFO  o.e.m.c.i.embedder.EclipseLogger - Using 'UTF-8' encoding to copy filtered resources.
2018-08-07 12:52:41,142 [Worker-37] INFO  o.e.m.c.i.embedder.EclipseLogger - skip non existing resourceDirectory C:\Users\b005204\Automation POC\poc-project\src\test\resources
2018-08-07 12:53:21,448 [Worker-34] INFO  o.e.m.c.i.embedder.EclipseLogger - Using 'UTF-8' encoding to copy filtered resources.
2018-08-07 12:53:21,448 [Worker-34] INFO  o.e.m.c.i.embedder.EclipseLogger - skip non existing resourceDirectory C:\Users\b005204\Automation POC\poc-project\src\main\resources
2018-08-07 12:53:21,450 [Worker-34] INFO  o.e.m.c.i.embedder.EclipseLogger - Using 'UTF-8' encoding to copy filtered resources.
2018-08-07 12:53:21,450 [Worker-34] INFO  o.e.m.c.i.embedder.EclipseLogger - skip non existing resourceDirectory C:\Users\b005204\Automation POC\poc-project\src\test\resources
2018-08-07 12:55:10,667 [Worker-40] INFO  o.e.m.c.i.embedder.EclipseLogger - Using 'UTF-8' encoding to copy filtered resources.
2018-08-07 12:55:10,668 [Worker-40] INFO  o.e.m.c.i.embedder.EclipseLogger - skip non existing resourceDirectory C:\Users\b005204\Automation POC\poc-project\src\main\resources
2018-08-07 12:55:10,670 [Worker-40] INFO  o.e.m.c.i.embedder.EclipseLogger - Using 'UTF-8' encoding to copy filtered resources.
2018-08-07 12:55:10,670 [Worker-40] INFO  o.e.m.c.i.embedder.EclipseLogger - skip non existing resourceDirectory C:\Users\b005204\Automation POC\poc-project\src\test\resources
2018-08-07 12:57:11,231 [Worker-39] INFO  o.e.m.c.i.embedder.EclipseLogger - Using 'UTF-8' encoding to copy filtered resources.
2018-08-07 12:57:11,231 [Worker-39] INFO  o.e.m.c.i.embedder.EclipseLogger - skip non existing resourceDirectory C:\Users\b005204\Automation POC\poc-project\src\main\resources
2018-08-07 12:57:11,232 [Worker-39] INFO  o.e.m.c.i.embedder.EclipseLogger - Using 'UTF-8' encoding to copy filtered resources.
2018-08-07 12:57:11,233 [Worker-39] INFO  o.e.m.c.i.embedder.EclipseLogger - skip non existing resourceDirectory C:\Users\b005204\Automation POC\poc-project\src\test\resources
2018-08-07 12:57:17,454 [Worker-37] INFO  o.e.m.c.i.embedder.EclipseLogger - Using 'UTF-8' encoding to copy filtered resources.
2018-08-07 12:57:17,454 [Worker-37] INFO  o.e.m.c.i.embedder.EclipseLogger - skip non existing resourceDirectory C:\Users\b005204\Automation POC\poc-project\src\main\resources
2018-08-07 12:57:17,456 [Worker-37] INFO  o.e.m.c.i.embedder.EclipseLogger - Using 'UTF-8' encoding to copy filtered resources.
2018-08-07 12:57:17,456 [Worker-37] INFO  o.e.m.c.i.embedder.EclipseLogger - skip non existing resourceDirectory C:\Users\b005204\Automation POC\poc-project\src\test\resources
2018-08-07 12:57:30,843 [Worker-37] INFO  o.e.m.c.i.embedder.EclipseLogger - Using 'UTF-8' encoding to copy filtered resources.
2018-08-07 12:57:30,844 [Worker-37] INFO  o.e.m.c.i.embedder.EclipseLogger - skip non existing resourceDirectory C:\Users\b005204\Automation POC\poc-project\src\main\resources
2018-08-07 12:57:30,845 [Worker-37] INFO  o.e.m.c.i.embedder.EclipseLogger - Using 'UTF-8' encoding to copy filtered resources.
2018-08-07 12:57:30,846 [Worker-37] INFO  o.e.m.c.i.embedder.EclipseLogger - skip non existing resourceDirectory C:\Users\b005204\Automation POC\poc-project\src\test\resources
2018-08-07 12:57:41,969 [Worker-37] INFO  o.e.m.c.i.embedder.EclipseLogger - Using 'UTF-8' encoding to copy filtered resources.
2018-08-07 12:57:41,970 [Worker-37] INFO  o.e.m.c.i.embedder.EclipseLogger - skip non existing resourceDirectory C:\Users\b005204\Automation POC\poc-project\src\main\resources
2018-08-07 12:57:41,971 [Worker-37] INFO  o.e.m.c.i.embedder.EclipseLogger - Using 'UTF-8' encoding to copy filtered resources.
2018-08-07 12:57:41,971 [Worker-37] INFO  o.e.m.c.i.embedder.EclipseLogger - skip non existing resourceDirectory C:\Users\b005204\Automation POC\poc-project\src\test\resources
2018-08-07 13:00:14,097 [Worker-37] INFO  o.e.m.c.i.embedder.EclipseLogger - Using 'UTF-8' encoding to copy filtered resources.
2018-08-07 13:00:14,097 [Worker-37] INFO  o.e.m.c.i.embedder.EclipseLogger - skip non existing resourceDirectory C:\Users\b005204\Automation POC\poc-project\src\main\resources
2018-08-07 13:00:14,098 [Worker-37] INFO  o.e.m.c.i.embedder.EclipseLogger - Using 'UTF-8' encoding to copy filtered resources.
2018-08-07 13:00:14,099 [Worker-37] INFO  o.e.m.c.i.embedder.EclipseLogger - skip non existing resourceDirectory C:\Users\b005204\Automation POC\poc-project\src\test\resources
2018-08-07 13:00:20,763 [Worker-40] INFO  o.e.m.c.i.embedder.EclipseLogger - Using 'UTF-8' encoding to copy filtered resources.
2018-08-07 13:00:20,763 [Worker-40] INFO  o.e.m.c.i.embedder.EclipseLogger - skip non existing resourceDirectory C:\Users\b005204\Automation POC\poc-project\src\main\resources
2018-08-07 13:00:20,766 [Worker-40] INFO  o.e.m.c.i.embedder.EclipseLogger - Using 'UTF-8' encoding to copy filtered resources.
2018-08-07 13:00:20,766 [Worker-40] INFO  o.e.m.c.i.embedder.EclipseLogger - skip non existing resourceDirectory C:\Users\b005204\Automation POC\poc-project\src\test\resources
2018-08-07 13:02:11,867 [Worker-39] INFO  o.e.m.c.i.embedder.EclipseLogger - Using 'UTF-8' encoding to copy filtered resources.
2018-08-07 13:02:11,867 [Worker-39] INFO  o.e.m.c.i.embedder.EclipseLogger - skip non existing resourceDirectory C:\Users\b005204\Automation POC\poc-project\src\main\resources
2018-08-07 13:02:11,869 [Worker-39] INFO  o.e.m.c.i.embedder.EclipseLogger - Using 'UTF-8' encoding to copy filtered resources.
2018-08-07 13:02:11,869 [Worker-39] INFO  o.e.m.c.i.embedder.EclipseLogger - skip non existing resourceDirectory C:\Users\b005204\Automation POC\poc-project\src\test\resources
2018-08-07 13:02:51,745 [Worker-36] INFO  o.e.m.c.i.embedder.EclipseLogger - Using 'UTF-8' encoding to copy filtered resources.
2018-08-07 13:02:51,746 [Worker-36] INFO  o.e.m.c.i.embedder.EclipseLogger - skip non existing resourceDirectory C:\Users\b005204\Automation POC\poc-project\src\main\resources
2018-08-07 13:02:51,748 [Worker-36] INFO  o.e.m.c.i.embedder.EclipseLogger - Using 'UTF-8' encoding to copy filtered resources.
2018-08-07 13:02:51,748 [Worker-36] INFO  o.e.m.c.i.embedder.EclipseLogger - skip non existing resourceDirectory C:\Users\b005204\Automation POC\poc-project\src\test\resources
2018-08-07 13:03:06,157 [Worker-36] INFO  o.e.m.c.i.embedder.EclipseLogger - Using 'UTF-8' encoding to copy filtered resources.
2018-08-07 13:03:06,157 [Worker-36] INFO  o.e.m.c.i.embedder.EclipseLogger - skip non existing resourceDirectory C:\Users\b005204\Automation POC\poc-project\src\main\resources
2018-08-07 13:03:06,159 [Worker-36] INFO  o.e.m.c.i.embedder.EclipseLogger - Using 'UTF-8' encoding to copy filtered resources.
2018-08-07 13:03:06,160 [Worker-36] INFO  o.e.m.c.i.embedder.EclipseLogger - skip non existing resourceDirectory C:\Users\b005204\Automation POC\poc-project\src\test\resources
2018-08-07 13:03:15,156 [Worker-41] INFO  o.e.m.c.i.embedder.EclipseLogger - Using 'UTF-8' encoding to copy filtered resources.
2018-08-07 13:03:15,157 [Worker-41] INFO  o.e.m.c.i.embedder.EclipseLogger - skip non existing resourceDirectory C:\Users\b005204\Automation POC\poc-project\src\main\resources
2018-08-07 13:03:15,158 [Worker-41] INFO  o.e.m.c.i.embedder.EclipseLogger - Using 'UTF-8' encoding to copy filtered resources.
2018-08-07 13:03:15,159 [Worker-41] INFO  o.e.m.c.i.embedder.EclipseLogger - skip non existing resourceDirectory C:\Users\b005204\Automation POC\poc-project\src\test\resources
2018-08-07 13:09:32,799 [Worker-47] INFO  o.e.m.c.i.embedder.EclipseLogger - Using 'UTF-8' encoding to copy filtered resources.
2018-08-07 13:09:32,800 [Worker-47] INFO  o.e.m.c.i.embedder.EclipseLogger - skip non existing resourceDirectory C:\Users\b005204\Automation POC\poc-project\src\main\resources
2018-08-07 13:09:32,801 [Worker-47] INFO  o.e.m.c.i.embedder.EclipseLogger - Using 'UTF-8' encoding to copy filtered resources.
2018-08-07 13:09:32,801 [Worker-47] INFO  o.e.m.c.i.embedder.EclipseLogger - skip non existing resourceDirectory C:\Users\b005204\Automation POC\poc-project\src\test\resources
2018-08-07 14:01:56,268 [Worker-67] INFO  o.e.m.c.i.embedder.EclipseLogger - Using 'UTF-8' encoding to copy filtered resources.
2018-08-07 14:01:56,269 [Worker-67] INFO  o.e.m.c.i.embedder.EclipseLogger - skip non existing resourceDirectory C:\Users\b005204\Automation POC\poc-project\src\main\resources
2018-08-07 14:01:56,271 [Worker-67] INFO  o.e.m.c.i.embedder.EclipseLogger - Using 'UTF-8' encoding to copy filtered resources.
2018-08-07 14:01:56,271 [Worker-67] INFO  o.e.m.c.i.embedder.EclipseLogger - skip non existing resourceDirectory C:\Users\b005204\Automation POC\poc-project\src\test\resources
2018-08-07 14:07:11,783 [Worker-72] INFO  o.e.m.c.i.l.LifecycleMappingFactory - Using org.eclipse.m2e.jdt.JarLifecycleMapping lifecycle mapping for MavenProject: org.automation.poc:poc-project:1.0-SNAPSHOT @ C:\Users\b005204\Automation POC\poc-project\pom.xml.
2018-08-07 14:07:12,511 [Worker-72] INFO  o.e.m.c.i.embedder.EclipseLogger - Using 'UTF-8' encoding to copy filtered resources.
2018-08-07 14:07:12,511 [Worker-72] INFO  o.e.m.c.i.embedder.EclipseLogger - skip non existing resourceDirectory C:\Users\b005204\Automation POC\poc-project\src\main\resources
2018-08-07 14:07:12,515 [Worker-72] INFO  o.e.m.c.i.embedder.EclipseLogger - Using 'UTF-8' encoding to copy filtered resources.
2018-08-07 14:07:12,515 [Worker-72] INFO  o.e.m.c.i.embedder.EclipseLogger - skip non existing resourceDirectory C:\Users\b005204\Automation POC\poc-project\src\test\resources
2018-08-07 14:07:14,211 [Worker-70] INFO  o.e.m.c.i.embedder.EclipseLogger - Using 'UTF-8' encoding to copy filtered resources.
2018-08-07 14:07:14,211 [Worker-70] INFO  o.e.m.c.i.embedder.EclipseLogger - skip non existing resourceDirectory C:\Users\b005204\Automation POC\poc-project\src\main\resources
2018-08-07 14:07:14,212 [Worker-70] INFO  o.e.m.c.i.embedder.EclipseLogger - Using 'UTF-8' encoding to copy filtered resources.
2018-08-07 14:07:14,212 [Worker-70] INFO  o.e.m.c.i.embedder.EclipseLogger - skip non existing resourceDirectory C:\Users\b005204\Automation POC\poc-project\src\test\resources
2018-08-07 14:07:48,189 [Worker-71] INFO  o.e.m.c.i.l.LifecycleMappingFactory - Using org.eclipse.m2e.jdt.JarLifecycleMapping lifecycle mapping for MavenProject: org.automation.poc:poc-project:1.0-SNAPSHOT @ C:\Users\b005204\Automation POC\poc-project\pom.xml.
2018-08-07 14:07:48,556 [Worker-71] INFO  o.e.m.c.i.embedder.EclipseLogger - Using 'UTF-8' encoding to copy filtered resources.
2018-08-07 14:07:48,557 [Worker-71] INFO  o.e.m.c.i.embedder.EclipseLogger - skip non existing resourceDirectory C:\Users\b005204\Automation POC\poc-project\src\main\resources
2018-08-07 14:07:48,558 [Worker-71] INFO  o.e.m.c.i.embedder.EclipseLogger - Using 'UTF-8' encoding to copy filtered resources.
2018-08-07 14:07:48,559 [Worker-71] INFO  o.e.m.c.i.embedder.EclipseLogger - skip non existing resourceDirectory C:\Users\b005204\Automation POC\poc-project\src\test\resources
2018-08-07 14:07:50,087 [Worker-68] INFO  o.e.m.c.i.embedder.EclipseLogger - Using 'UTF-8' encoding to copy filtered resources.
2018-08-07 14:07:50,087 [Worker-68] INFO  o.e.m.c.i.embedder.EclipseLogger - skip non existing resourceDirectory C:\Users\b005204\Automation POC\poc-project\src\main\resources
2018-08-07 14:07:50,088 [Worker-68] INFO  o.e.m.c.i.embedder.EclipseLogger - Using 'UTF-8' encoding to copy filtered resources.
2018-08-07 14:07:50,088 [Worker-68] INFO  o.e.m.c.i.embedder.EclipseLogger - skip non existing resourceDirectory C:\Users\b005204\Automation POC\poc-project\src\test\resources
2018-08-07 14:11:15,461 [Worker-72] INFO  o.e.m.c.i.embedder.EclipseLogger - Using 'UTF-8' encoding to copy filtered resources.
2018-08-07 14:11:15,461 [Worker-72] INFO  o.e.m.c.i.embedder.EclipseLogger - skip non existing resourceDirectory C:\Users\b005204\Automation POC\poc-project\src\main\resources
2018-08-07 14:11:15,462 [Worker-72] INFO  o.e.m.c.i.embedder.EclipseLogger - Using 'UTF-8' encoding to copy filtered resources.
2018-08-07 14:11:15,463 [Worker-72] INFO  o.e.m.c.i.embedder.EclipseLogger - skip non existing resourceDirectory C:\Users\b005204\Automation POC\poc-project\src\test\resources
2018-08-07 14:11:36,167 [Worker-72] INFO  o.e.m.c.i.embedder.EclipseLogger - Using 'UTF-8' encoding to copy filtered resources.
2018-08-07 14:11:36,167 [Worker-72] INFO  o.e.m.c.i.embedder.EclipseLogger - skip non existing resourceDirectory C:\Users\b005204\Automation POC\poc-project\src\main\resources
2018-08-07 14:11:36,168 [Worker-72] INFO  o.e.m.c.i.embedder.EclipseLogger - Using 'UTF-8' encoding to copy filtered resources.
2018-08-07 14:11:36,170 [Worker-72] INFO  o.e.m.c.i.embedder.EclipseLogger - skip non existing resourceDirectory C:\Users\b005204\Automation POC\poc-project\src\test\resources
2018-08-07 14:12:05,837 [Worker-72] INFO  o.e.m.c.i.embedder.EclipseLogger - Using 'UTF-8' encoding to copy filtered resources.
2018-08-07 14:12:05,838 [Worker-72] INFO  o.e.m.c.i.embedder.EclipseLogger - skip non existing resourceDirectory C:\Users\b005204\Automation POC\poc-project\src\main\resources
2018-08-07 14:12:05,838 [Worker-72] INFO  o.e.m.c.i.embedder.EclipseLogger - Using 'UTF-8' encoding to copy filtered resources.
2018-08-07 14:12:05,839 [Worker-72] INFO  o.e.m.c.i.embedder.EclipseLogger - skip non existing resourceDirectory C:\Users\b005204\Automation POC\poc-project\src\test\resources
2018-08-07 14:13:41,665 [Worker-68] INFO  o.e.m.c.i.embedder.EclipseLogger - Using 'UTF-8' encoding to copy filtered resources.
2018-08-07 14:13:41,666 [Worker-68] INFO  o.e.m.c.i.embedder.EclipseLogger - skip non existing resourceDirectory C:\Users\b005204\Automation POC\poc-project\src\main\resources
2018-08-07 14:13:41,667 [Worker-68] INFO  o.e.m.c.i.embedder.EclipseLogger - Using 'UTF-8' encoding to copy filtered resources.
2018-08-07 14:13:41,667 [Worker-68] INFO  o.e.m.c.i.embedder.EclipseLogger - skip non existing resourceDirectory C:\Users\b005204\Automation POC\poc-project\src\test\resources
2018-08-07 14:14:33,016 [Worker-72] INFO  o.e.m.c.i.embedder.EclipseLogger - Using 'UTF-8' encoding to copy filtered resources.
2018-08-07 14:14:33,016 [Worker-72] INFO  o.e.m.c.i.embedder.EclipseLogger - skip non existing resourceDirectory C:\Users\b005204\Automation POC\poc-project\src\main\resources
2018-08-07 14:14:33,017 [Worker-72] INFO  o.e.m.c.i.embedder.EclipseLogger - Using 'UTF-8' encoding to copy filtered resources.
2018-08-07 14:14:33,018 [Worker-72] INFO  o.e.m.c.i.embedder.EclipseLogger - skip non existing resourceDirectory C:\Users\b005204\Automation POC\poc-project\src\test\resources
2018-08-07 14:15:00,798 [Worker-72] INFO  o.e.m.c.i.embedder.EclipseLogger - Using 'UTF-8' encoding to copy filtered resources.
2018-08-07 14:15:00,799 [Worker-72] INFO  o.e.m.c.i.embedder.EclipseLogger - skip non existing resourceDirectory C:\Users\b005204\Automation POC\poc-project\src\main\resources
2018-08-07 14:15:00,802 [Worker-72] INFO  o.e.m.c.i.embedder.EclipseLogger - Using 'UTF-8' encoding to copy filtered resources.
2018-08-07 14:15:00,802 [Worker-72] INFO  o.e.m.c.i.embedder.EclipseLogger - skip non existing resourceDirectory C:\Users\b005204\Automation POC\poc-project\src\test\resources
2018-08-07 14:15:27,232 [Worker-75] INFO  o.e.m.c.i.embedder.EclipseLogger - Using 'UTF-8' encoding to copy filtered resources.
2018-08-07 14:15:27,233 [Worker-75] INFO  o.e.m.c.i.embedder.EclipseLogger - skip non existing resourceDirectory C:\Users\b005204\Automation POC\poc-project\src\main\resources
2018-08-07 14:15:27,234 [Worker-75] INFO  o.e.m.c.i.embedder.EclipseLogger - Using 'UTF-8' encoding to copy filtered resources.
2018-08-07 14:15:27,234 [Worker-75] INFO  o.e.m.c.i.embedder.EclipseLogger - skip non existing resourceDirectory C:\Users\b005204\Automation POC\poc-project\src\test\resources
2018-08-07 14:15:55,250 [Worker-72] INFO  o.e.m.c.i.embedder.EclipseLogger - Using 'UTF-8' encoding to copy filtered resources.
2018-08-07 14:15:55,251 [Worker-72] INFO  o.e.m.c.i.embedder.EclipseLogger - skip non existing resourceDirectory C:\Users\b005204\Automation POC\poc-project\src\main\resources
2018-08-07 14:15:55,252 [Worker-72] INFO  o.e.m.c.i.embedder.EclipseLogger - Using 'UTF-8' encoding to copy filtered resources.
2018-08-07 14:15:55,252 [Worker-72] INFO  o.e.m.c.i.embedder.EclipseLogger - skip non existing resourceDirectory C:\Users\b005204\Automation POC\poc-project\src\test\resources
2018-08-07 14:17:01,179 [Worker-79] INFO  o.e.m.c.i.embedder.EclipseLogger - Using 'UTF-8' encoding to copy filtered resources.
2018-08-07 14:17:01,179 [Worker-79] INFO  o.e.m.c.i.embedder.EclipseLogger - skip non existing resourceDirectory C:\Users\b005204\Automation POC\poc-project\src\main\resources
2018-08-07 14:17:01,180 [Worker-79] INFO  o.e.m.c.i.embedder.EclipseLogger - Using 'UTF-8' encoding to copy filtered resources.
2018-08-07 14:17:01,180 [Worker-79] INFO  o.e.m.c.i.embedder.EclipseLogger - skip non existing resourceDirectory C:\Users\b005204\Automation POC\poc-project\src\test\resources
2018-08-07 14:22:51,430 [Worker-77] INFO  o.e.m.c.i.embedder.EclipseLogger - Using 'UTF-8' encoding to copy filtered resources.
2018-08-07 14:22:51,430 [Worker-77] INFO  o.e.m.c.i.embedder.EclipseLogger - skip non existing resourceDirectory C:\Users\b005204\Automation POC\poc-project\src\main\resources
2018-08-07 14:22:51,432 [Worker-77] INFO  o.e.m.c.i.embedder.EclipseLogger - Using 'UTF-8' encoding to copy filtered resources.
2018-08-07 14:22:51,433 [Worker-77] INFO  o.e.m.c.i.embedder.EclipseLogger - skip non existing resourceDirectory C:\Users\b005204\Automation POC\poc-project\src\test\resources
2018-08-07 14:22:58,386 [Worker-82] INFO  o.e.m.c.i.embedder.EclipseLogger - Using 'UTF-8' encoding to copy filtered resources.
2018-08-07 14:22:58,387 [Worker-82] INFO  o.e.m.c.i.embedder.EclipseLogger - skip non existing resourceDirectory C:\Users\b005204\Automation POC\poc-project\src\main\resources
2018-08-07 14:22:58,388 [Worker-82] INFO  o.e.m.c.i.embedder.EclipseLogger - Using 'UTF-8' encoding to copy filtered resources.
2018-08-07 14:22:58,391 [Worker-82] INFO  o.e.m.c.i.embedder.EclipseLogger - skip non existing resourceDirectory C:\Users\b005204\Automation POC\poc-project\src\test\resources
2018-08-07 14:33:37,484 [Worker-86] INFO  o.e.m.c.i.p.ProjectConfigurationManager - Update started
2018-08-07 14:33:38,045 [Worker-86] INFO  o.e.m.c.i.l.LifecycleMappingFactory - Using org.eclipse.m2e.jdt.JarLifecycleMapping lifecycle mapping for MavenProject: org.automation.poc:poc-project:1.0-SNAPSHOT @ C:\Users\b005204\Automation POC\poc-project\pom.xml.
2018-08-07 14:33:38,527 [Worker-86] INFO  o.e.m.j.i.AbstractJavaProjectConfigurator - Adding source folder /poc-project/src/main/java
2018-08-07 14:33:38,528 [Worker-86] INFO  o.e.m.j.i.AbstractJavaProjectConfigurator - Adding source folder /poc-project/src/test/java
2018-08-07 14:33:38,686 [Worker-86] INFO  o.e.m.c.i.p.ProjectConfigurationManager - Update completed: 1 sec
2018-08-07 14:33:39,002 [Worker-86] INFO  o.e.m.c.i.embedder.EclipseLogger - Using 'UTF-8' encoding to copy filtered resources.
2018-08-07 14:33:39,002 [Worker-86] INFO  o.e.m.c.i.embedder.EclipseLogger - skip non existing resourceDirectory C:\Users\b005204\Automation POC\poc-project\src\main\resources
2018-08-07 14:33:39,003 [Worker-86] INFO  o.e.m.c.i.embedder.EclipseLogger - Using 'UTF-8' encoding to copy filtered resources.
2018-08-07 14:33:39,004 [Worker-86] INFO  o.e.m.c.i.embedder.EclipseLogger - skip non existing resourceDirectory C:\Users\b005204\Automation POC\poc-project\src\test\resources
2018-08-07 14:34:53,694 [Worker-90] INFO  o.e.m.c.i.l.LifecycleMappingFactory - Using org.eclipse.m2e.jdt.JarLifecycleMapping lifecycle mapping for MavenProject: org.automation.poc:poc-project:1.0-SNAPSHOT @ C:\Users\b005204\Automation POC\poc-project\pom.xml.
2018-08-07 14:34:54,002 [Worker-90] INFO  o.e.m.c.i.embedder.EclipseLogger - Using 'UTF-8' encoding to copy filtered resources.
2018-08-07 14:34:54,002 [Worker-90] INFO  o.e.m.c.i.embedder.EclipseLogger - skip non existing resourceDirectory C:\Users\b005204\Automation POC\poc-project\src\main\resources
2018-08-07 14:34:54,004 [Worker-90] INFO  o.e.m.c.i.embedder.EclipseLogger - Using 'UTF-8' encoding to copy filtered resources.
2018-08-07 14:34:54,005 [Worker-90] INFO  o.e.m.c.i.embedder.EclipseLogger - skip non existing resourceDirectory C:\Users\b005204\Automation POC\poc-project\src\test\resources
2018-08-07 14:35:06,393 [Worker-90] INFO  o.e.m.c.i.embedder.EclipseLogger - Using 'UTF-8' encoding to copy filtered resources.
2018-08-07 14:35:06,394 [Worker-90] INFO  o.e.m.c.i.embedder.EclipseLogger - skip non existing resourceDirectory C:\Users\b005204\Automation POC\poc-project\src\main\resources
2018-08-07 14:35:06,395 [Worker-90] INFO  o.e.m.c.i.embedder.EclipseLogger - Using 'UTF-8' encoding to copy filtered resources.
2018-08-07 14:35:06,395 [Worker-90] INFO  o.e.m.c.i.embedder.EclipseLogger - skip non existing resourceDirectory C:\Users\b005204\Automation POC\poc-project\src\test\resources
2018-08-07 14:35:37,989 [Worker-80] INFO  o.e.m.c.i.embedder.EclipseLogger - Using 'UTF-8' encoding to copy filtered resources.
2018-08-07 14:35:37,989 [Worker-80] INFO  o.e.m.c.i.embedder.EclipseLogger - skip non existing resourceDirectory C:\Users\b005204\Automation POC\poc-project\src\main\resources
2018-08-07 14:35:37,990 [Worker-80] INFO  o.e.m.c.i.embedder.EclipseLogger - Using 'UTF-8' encoding to copy filtered resources.
2018-08-07 14:35:37,990 [Worker-80] INFO  o.e.m.c.i.embedder.EclipseLogger - skip non existing resourceDirectory C:\Users\b005204\Automation POC\poc-project\src\test\resources
2018-08-07 14:35:55,380 [Worker-93] INFO  o.e.m.c.i.embedder.EclipseLogger - Using 'UTF-8' encoding to copy filtered resources.
2018-08-07 14:35:55,381 [Worker-93] INFO  o.e.m.c.i.embedder.EclipseLogger - skip non existing resourceDirectory C:\Users\b005204\Automation POC\poc-project\src\main\resources
2018-08-07 14:35:55,382 [Worker-93] INFO  o.e.m.c.i.embedder.EclipseLogger - Using 'UTF-8' encoding to copy filtered resources.
2018-08-07 14:35:55,382 [Worker-93] INFO  o.e.m.c.i.embedder.EclipseLogger - skip non existing resourceDirectory C:\Users\b005204\Automation POC\poc-project\src\test\resources
2018-08-07 14:36:47,643 [Worker-90] INFO  o.e.m.c.i.embedder.EclipseLogger - Using 'UTF-8' encoding to copy filtered resources.
2018-08-07 14:36:47,643 [Worker-90] INFO  o.e.m.c.i.embedder.EclipseLogger - skip non existing resourceDirectory C:\Users\b005204\Automation POC\poc-project\src\main\resources
2018-08-07 14:36:47,644 [Worker-90] INFO  o.e.m.c.i.embedder.EclipseLogger - Using 'UTF-8' encoding to copy filtered resources.
2018-08-07 14:36:47,645 [Worker-90] INFO  o.e.m.c.i.embedder.EclipseLogger - skip non existing resourceDirectory C:\Users\b005204\Automation POC\poc-project\src\test\resources
2018-08-07 14:37:50,368 [Worker-93] INFO  o.e.m.c.i.embedder.EclipseLogger - Using 'UTF-8' encoding to copy filtered resources.
2018-08-07 14:37:50,389 [Worker-93] INFO  o.e.m.c.i.embedder.EclipseLogger - Copying 0 resource
2018-08-07 14:37:50,391 [Worker-93] INFO  o.e.m.c.i.embedder.EclipseLogger - Using 'UTF-8' encoding to copy filtered resources.
2018-08-07 14:37:50,391 [Worker-93] INFO  o.e.m.c.i.embedder.EclipseLogger - skip non existing resourceDirectory C:\Users\b005204\Automation POC\poc-project\src\test\resources
2018-08-07 14:37:57,218 [Worker-88] INFO  o.e.m.c.i.p.ProjectConfigurationManager - Update started
2018-08-07 14:37:57,662 [Worker-88] INFO  o.e.m.c.i.l.LifecycleMappingFactory - Using org.eclipse.m2e.jdt.JarLifecycleMapping lifecycle mapping for MavenProject: org.automation.poc:poc-project:1.0-SNAPSHOT @ C:\Users\b005204\Automation POC\poc-project\pom.xml.
2018-08-07 14:37:58,050 [Worker-88] INFO  o.e.m.j.i.AbstractJavaProjectConfigurator - Adding source folder /poc-project/src/main/java
2018-08-07 14:37:58,051 [Worker-88] INFO  o.e.m.j.i.AbstractJavaProjectConfigurator - Adding resource folder /poc-project/src/main/resources
2018-08-07 14:37:58,060 [Worker-88] INFO  o.e.m.j.i.AbstractJavaProjectConfigurator - Adding source folder /poc-project/src/test/java
2018-08-07 14:37:58,228 [Worker-88] INFO  o.e.m.c.i.p.ProjectConfigurationManager - Update completed: 1 sec
2018-08-07 14:37:58,549 [Worker-86] INFO  o.e.m.c.i.embedder.EclipseLogger - Using 'UTF-8' encoding to copy filtered resources.
2018-08-07 14:37:58,551 [Worker-86] INFO  o.e.m.c.i.embedder.EclipseLogger - Copying 0 resource
2018-08-07 14:37:58,552 [Worker-86] INFO  o.e.m.c.i.embedder.EclipseLogger - Using 'UTF-8' encoding to copy filtered resources.
2018-08-07 14:37:58,553 [Worker-86] INFO  o.e.m.c.i.embedder.EclipseLogger - skip non existing resourceDirectory C:\Users\b005204\Automation POC\poc-project\src\test\resources
2018-08-07 14:39:27,503 [Worker-91] INFO  o.e.m.c.i.embedder.EclipseLogger - Using 'UTF-8' encoding to copy filtered resources.
2018-08-07 14:39:27,506 [Worker-91] INFO  o.e.m.c.i.embedder.EclipseLogger - Copying 1 resource
2018-08-07 14:39:27,519 [Worker-91] INFO  o.e.m.c.i.embedder.EclipseLogger - Using 'UTF-8' encoding to copy filtered resources.
2018-08-07 14:39:27,519 [Worker-91] INFO  o.e.m.c.i.embedder.EclipseLogger - skip non existing resourceDirectory C:\Users\b005204\Automation POC\poc-project\src\test\resources
2018-08-07 14:40:49,246 [Worker-92] INFO  o.e.m.c.i.embedder.EclipseLogger - Using 'UTF-8' encoding to copy filtered resources.
2018-08-07 14:40:49,246 [Worker-92] INFO  o.e.m.c.i.embedder.EclipseLogger - Copying 1 resource
2018-08-07 14:40:49,249 [Worker-92] INFO  o.e.m.c.i.embedder.EclipseLogger - Using 'UTF-8' encoding to copy filtered resources.
2018-08-07 14:40:49,250 [Worker-92] INFO  o.e.m.c.i.embedder.EclipseLogger - skip non existing resourceDirectory C:\Users\b005204\Automation POC\poc-project\src\test\resources
2018-08-07 14:41:13,141 [Worker-91] INFO  o.e.m.c.i.embedder.EclipseLogger - Using 'UTF-8' encoding to copy filtered resources.
2018-08-07 14:41:13,143 [Worker-91] INFO  o.e.m.c.i.embedder.EclipseLogger - Copying 1 resource
2018-08-07 14:41:13,146 [Worker-91] INFO  o.e.m.c.i.embedder.EclipseLogger - Using 'UTF-8' encoding to copy filtered resources.
2018-08-07 14:41:13,146 [Worker-91] INFO  o.e.m.c.i.embedder.EclipseLogger - skip non existing resourceDirectory C:\Users\b005204\Automation POC\poc-project\src\test\resources
2018-08-07 14:41:28,058 [Worker-80] INFO  o.e.m.c.i.embedder.EclipseLogger - Using 'UTF-8' encoding to copy filtered resources.
2018-08-07 14:41:28,058 [Worker-80] INFO  o.e.m.c.i.embedder.EclipseLogger - Copying 1 resource
2018-08-07 14:41:28,061 [Worker-80] INFO  o.e.m.c.i.embedder.EclipseLogger - Using 'UTF-8' encoding to copy filtered resources.
2018-08-07 14:41:28,062 [Worker-80] INFO  o.e.m.c.i.embedder.EclipseLogger - skip non existing resourceDirectory C:\Users\b005204\Automation POC\poc-project\src\test\resources
2018-08-07 14:57:49,521 [Worker-101] INFO  o.e.m.c.i.embedder.EclipseLogger - Using 'UTF-8' encoding to copy filtered resources.
2018-08-07 14:57:49,526 [Worker-101] INFO  o.e.m.c.i.embedder.EclipseLogger - Copying 2 resources
2018-08-07 14:57:49,528 [Worker-101] INFO  o.e.m.c.i.embedder.EclipseLogger - Using 'UTF-8' encoding to copy filtered resources.
2018-08-07 14:57:49,528 [Worker-101] INFO  o.e.m.c.i.embedder.EclipseLogger - skip non existing resourceDirectory C:\Users\b005204\Automation POC\poc-project\src\test\resources
2018-08-07 14:58:28,197 [Worker-99] INFO  o.e.m.c.i.embedder.EclipseLogger - Using 'UTF-8' encoding to copy filtered resources.
2018-08-07 14:58:28,199 [Worker-99] INFO  o.e.m.c.i.embedder.EclipseLogger - Copying 2 resources
2018-08-07 14:58:28,200 [Worker-99] INFO  o.e.m.c.i.embedder.EclipseLogger - Using 'UTF-8' encoding to copy filtered resources.
2018-08-07 14:58:28,201 [Worker-99] INFO  o.e.m.c.i.embedder.EclipseLogger - skip non existing resourceDirectory C:\Users\b005204\Automation POC\poc-project\src\test\resources
2018-08-07 14:58:44,924 [Worker-94] INFO  o.e.m.c.i.embedder.EclipseLogger - Using 'UTF-8' encoding to copy filtered resources.
2018-08-07 14:58:44,925 [Worker-94] INFO  o.e.m.c.i.embedder.EclipseLogger - Copying 2 resources
2018-08-07 14:58:44,930 [Worker-94] INFO  o.e.m.c.i.embedder.EclipseLogger - Using 'UTF-8' encoding to copy filtered resources.
2018-08-07 14:58:44,930 [Worker-94] INFO  o.e.m.c.i.embedder.EclipseLogger - skip non existing resourceDirectory C:\Users\b005204\Automation POC\poc-project\src\test\resources
2018-08-07 15:31:05,678 [Worker-111] INFO  o.e.m.c.i.embedder.EclipseLogger - Using 'UTF-8' encoding to copy filtered resources.
2018-08-07 15:31:05,680 [Worker-111] INFO  o.e.m.c.i.embedder.EclipseLogger - Copying 2 resources
2018-08-07 15:31:05,681 [Worker-111] INFO  o.e.m.c.i.embedder.EclipseLogger - Using 'UTF-8' encoding to copy filtered resources.
2018-08-07 15:31:05,682 [Worker-111] INFO  o.e.m.c.i.embedder.EclipseLogger - skip non existing resourceDirectory C:\Users\b005204\Automation POC\poc-project\src\test\resources
2018-08-07 15:36:29,075 [Worker-115] INFO  o.e.m.c.i.embedder.EclipseLogger - Using 'UTF-8' encoding to copy filtered resources.
2018-08-07 15:36:29,076 [Worker-115] INFO  o.e.m.c.i.embedder.EclipseLogger - Copying 2 resources
2018-08-07 15:36:29,078 [Worker-115] INFO  o.e.m.c.i.embedder.EclipseLogger - Using 'UTF-8' encoding to copy filtered resources.
2018-08-07 15:36:29,079 [Worker-115] INFO  o.e.m.c.i.embedder.EclipseLogger - skip non existing resourceDirectory C:\Users\b005204\Automation POC\poc-project\src\test\resources
2018-08-07 15:38:03,801 [Worker-116] INFO  o.e.m.c.i.embedder.EclipseLogger - Using 'UTF-8' encoding to copy filtered resources.
2018-08-07 15:38:03,802 [Worker-116] INFO  o.e.m.c.i.embedder.EclipseLogger - Copying 2 resources
2018-08-07 15:38:03,805 [Worker-116] INFO  o.e.m.c.i.embedder.EclipseLogger - Using 'UTF-8' encoding to copy filtered resources.
2018-08-07 15:38:03,806 [Worker-116] INFO  o.e.m.c.i.embedder.EclipseLogger - skip non existing resourceDirectory C:\Users\b005204\Automation POC\poc-project\src\test\resources
2018-08-07 15:38:16,353 [Worker-118] INFO  o.e.m.c.i.embedder.EclipseLogger - Using 'UTF-8' encoding to copy filtered resources.
2018-08-07 15:38:16,354 [Worker-118] INFO  o.e.m.c.i.embedder.EclipseLogger - Copying 2 resources
2018-08-07 15:38:16,356 [Worker-118] INFO  o.e.m.c.i.embedder.EclipseLogger - Using 'UTF-8' encoding to copy filtered resources.
2018-08-07 15:38:16,357 [Worker-118] INFO  o.e.m.c.i.embedder.EclipseLogger - skip non existing resourceDirectory C:\Users\b005204\Automation POC\poc-project\src\test\resources
2018-08-07 15:42:12,551 [Worker-120] INFO  o.e.m.c.i.l.LifecycleMappingFactory - Using org.eclipse.m2e.jdt.JarLifecycleMapping lifecycle mapping for MavenProject: org.automation.poc:poc-project:1.0-SNAPSHOT @ C:\Users\b005204\Automation POC\poc-project\pom.xml.
2018-08-07 15:42:12,950 [Worker-120] INFO  o.e.m.c.i.embedder.EclipseLogger - Using 'UTF-8' encoding to copy filtered resources.
2018-08-07 15:42:12,953 [Worker-120] INFO  o.e.m.c.i.embedder.EclipseLogger - Copying 2 resources
2018-08-07 15:42:12,962 [Worker-120] INFO  o.e.m.c.i.embedder.EclipseLogger - Using 'UTF-8' encoding to copy filtered resources.
2018-08-07 15:42:12,962 [Worker-120] INFO  o.e.m.c.i.embedder.EclipseLogger - skip non existing resourceDirectory C:\Users\b005204\Automation POC\poc-project\src\test\resources
2018-08-07 15:45:29,464 [Worker-115] INFO  o.e.m.c.i.embedder.EclipseLogger - Using 'UTF-8' encoding to copy filtered resources.
2018-08-07 15:45:29,466 [Worker-115] INFO  o.e.m.c.i.embedder.EclipseLogger - Copying 2 resources
2018-08-07 15:45:29,467 [Worker-115] INFO  o.e.m.c.i.embedder.EclipseLogger - Using 'UTF-8' encoding to copy filtered resources.
2018-08-07 15:45:29,468 [Worker-115] INFO  o.e.m.c.i.embedder.EclipseLogger - skip non existing resourceDirectory C:\Users\b005204\Automation POC\poc-project\src\test\resources
2018-08-07 15:45:34,664 [Worker-125] INFO  o.e.m.c.i.embedder.EclipseLogger - Using 'UTF-8' encoding to copy filtered resources.
2018-08-07 15:45:34,665 [Worker-125] INFO  o.e.m.c.i.embedder.EclipseLogger - Copying 2 resources
2018-08-07 15:45:34,666 [Worker-125] INFO  o.e.m.c.i.embedder.EclipseLogger - Using 'UTF-8' encoding to copy filtered resources.
2018-08-07 15:45:34,667 [Worker-125] INFO  o.e.m.c.i.embedder.EclipseLogger - skip non existing resourceDirectory C:\Users\b005204\Automation POC\poc-project\src\test\resources
2018-08-07 15:47:26,922 [Worker-124] INFO  o.e.m.c.i.embedder.EclipseLogger - Using 'UTF-8' encoding to copy filtered resources.
2018-08-07 15:47:26,923 [Worker-124] INFO  o.e.m.c.i.embedder.EclipseLogger - Copying 1 resource
2018-08-07 15:47:26,930 [Worker-124] INFO  o.e.m.c.i.embedder.EclipseLogger - Using 'UTF-8' encoding to copy filtered resources.
2018-08-07 15:47:26,930 [Worker-124] INFO  o.e.m.c.i.embedder.EclipseLogger - skip non existing resourceDirectory C:\Users\b005204\Automation POC\poc-project\src\test\resources
2018-08-07 15:48:00,724 [Worker-126] INFO  o.e.m.c.i.embedder.EclipseLogger - Using 'UTF-8' encoding to copy filtered resources.
2018-08-07 15:48:00,725 [Worker-126] INFO  o.e.m.c.i.embedder.EclipseLogger - Copying 3 resources
2018-08-07 15:48:00,727 [Worker-126] INFO  o.e.m.c.i.embedder.EclipseLogger - Using 'UTF-8' encoding to copy filtered resources.
2018-08-07 15:48:00,727 [Worker-126] INFO  o.e.m.c.i.embedder.EclipseLogger - skip non existing resourceDirectory C:\Users\b005204\Automation POC\poc-project\src\test\resources
2018-08-07 15:49:07,960 [Worker-123] INFO  o.e.m.c.i.embedder.EclipseLogger - Using 'UTF-8' encoding to copy filtered resources.
2018-08-07 15:49:07,962 [Worker-123] INFO  o.e.m.c.i.embedder.EclipseLogger - Copying 3 resources
2018-08-07 15:49:07,963 [Worker-123] INFO  o.e.m.c.i.embedder.EclipseLogger - Using 'UTF-8' encoding to copy filtered resources.
2018-08-07 15:49:07,964 [Worker-123] INFO  o.e.m.c.i.embedder.EclipseLogger - skip non existing resourceDirectory C:\Users\b005204\Automation POC\poc-project\src\test\resources
2018-08-07 15:53:30,974 [Worker-115] INFO  o.e.m.c.i.embedder.EclipseLogger - Using 'UTF-8' encoding to copy filtered resources.
2018-08-07 15:53:30,976 [Worker-115] INFO  o.e.m.c.i.embedder.EclipseLogger - Copying 3 resources
2018-08-07 15:53:30,978 [Worker-115] INFO  o.e.m.c.i.embedder.EclipseLogger - Using 'UTF-8' encoding to copy filtered resources.
2018-08-07 15:53:30,978 [Worker-115] INFO  o.e.m.c.i.embedder.EclipseLogger - skip non existing resourceDirectory C:\Users\b005204\Automation POC\poc-project\src\test\resources
2018-08-07 15:57:26,325 [Worker-123] INFO  o.e.m.c.i.embedder.EclipseLogger - Using 'UTF-8' encoding to copy filtered resources.
2018-08-07 15:57:26,326 [Worker-123] INFO  o.e.m.c.i.embedder.EclipseLogger - Copying 3 resources
2018-08-07 15:57:26,342 [Worker-123] INFO  o.e.m.c.i.embedder.EclipseLogger - Using 'UTF-8' encoding to copy filtered resources.
2018-08-07 15:57:26,342 [Worker-123] INFO  o.e.m.c.i.embedder.EclipseLogger - skip non existing resourceDirectory C:\Users\b005204\Automation POC\poc-project\src\test\resources
2018-08-07 15:58:43,554 [Worker-130] INFO  o.e.m.i.launch.MavenLaunchDelegate - C:\Users\b005204\Automation POC\poc-project
2018-08-07 15:58:43,555 [Worker-130] INFO  o.e.m.i.launch.MavenLaunchDelegate -  mvn -B test
2018-08-07 16:01:02,920 [Worker-130] INFO  o.e.m.i.launch.MavenLaunchDelegate - C:\Users\b005204\Automation POC\poc-project
2018-08-07 16:01:02,920 [Worker-130] INFO  o.e.m.i.launch.MavenLaunchDelegate -  mvn -B install
2018-08-07 16:04:03,584 [Worker-124] INFO  o.e.m.c.i.embedder.EclipseLogger - Using 'UTF-8' encoding to copy filtered resources.
2018-08-07 16:04:03,584 [Worker-124] INFO  o.e.m.c.i.embedder.EclipseLogger - Copying 0 resource
2018-08-07 16:04:03,585 [Worker-124] INFO  o.e.m.c.i.embedder.EclipseLogger - Using 'UTF-8' encoding to copy filtered resources.
2018-08-07 16:04:03,585 [Worker-124] INFO  o.e.m.c.i.embedder.EclipseLogger - skip non existing resourceDirectory C:\Users\b005204\Automation POC\poc-project\src\test\resources
2018-08-07 16:04:14,934 [Worker-130] INFO  o.e.m.c.i.embedder.EclipseLogger - Using 'UTF-8' encoding to copy filtered resources.
2018-08-07 16:04:14,936 [Worker-130] INFO  o.e.m.c.i.embedder.EclipseLogger - Copying 0 resource
2018-08-07 16:04:14,938 [Worker-130] INFO  o.e.m.c.i.embedder.EclipseLogger - Using 'UTF-8' encoding to copy filtered resources.
2018-08-07 16:04:14,938 [Worker-130] INFO  o.e.m.c.i.embedder.EclipseLogger - skip non existing resourceDirectory C:\Users\b005204\Automation POC\poc-project\src\test\resources
2018-08-07 16:04:32,425 [Worker-132] INFO  o.e.m.c.i.p.ProjectConfigurationManager - Update started
2018-08-07 16:04:32,913 [Worker-132] INFO  o.e.m.c.i.l.LifecycleMappingFactory - Using org.eclipse.m2e.jdt.JarLifecycleMapping lifecycle mapping for MavenProject: org.automation.poc:poc-project:1.0-SNAPSHOT @ C:\Users\b005204\Automation POC\poc-project\pom.xml.
2018-08-07 16:04:33,287 [Worker-132] INFO  o.e.m.j.i.AbstractJavaProjectConfigurator - Adding source folder /poc-project/src/main/java
2018-08-07 16:04:33,288 [Worker-132] INFO  o.e.m.j.i.AbstractJavaProjectConfigurator - Adding resource folder /poc-project/src/main/resources
2018-08-07 16:04:33,288 [Worker-132] INFO  o.e.m.j.i.AbstractJavaProjectConfigurator - Adding source folder /poc-project/src/test/java
2018-08-07 16:04:33,422 [Worker-132] INFO  o.e.m.c.i.p.ProjectConfigurationManager - Update completed: 0 sec
2018-08-07 16:04:33,670 [Worker-132] INFO  o.e.m.c.i.embedder.EclipseLogger - Using 'UTF-8' encoding to copy filtered resources.
2018-08-07 16:04:33,670 [Worker-132] INFO  o.e.m.c.i.embedder.EclipseLogger - Copying 3 resources
2018-08-07 16:04:33,684 [Worker-132] INFO  o.e.m.c.i.embedder.EclipseLogger - Using 'UTF-8' encoding to copy filtered resources.
2018-08-07 16:04:33,684 [Worker-132] INFO  o.e.m.c.i.embedder.EclipseLogger - skip non existing resourceDirectory C:\Users\b005204\Automation POC\poc-project\src\test\resources
2018-08-07 16:10:01,322 [Worker-138] INFO  o.e.m.c.i.embedder.EclipseLogger - Using 'UTF-8' encoding to copy filtered resources.
2018-08-07 16:10:01,323 [Worker-138] INFO  o.e.m.c.i.embedder.EclipseLogger - Copying 3 resources
2018-08-07 16:10:01,331 [Worker-138] INFO  o.e.m.c.i.embedder.EclipseLogger - Using 'UTF-8' encoding to copy filtered resources.
2018-08-07 16:10:01,331 [Worker-138] INFO  o.e.m.c.i.embedder.EclipseLogger - skip non existing resourceDirectory C:\Users\b005204\Automation POC\poc-project\src\test\resources
2018-08-07 16:10:06,754 [Worker-133] INFO  o.e.m.c.i.embedder.EclipseLogger - Using 'UTF-8' encoding to copy filtered resources.
2018-08-07 16:10:06,757 [Worker-133] INFO  o.e.m.c.i.embedder.EclipseLogger - Copying 0 resource
2018-08-07 16:10:06,758 [Worker-133] INFO  o.e.m.c.i.embedder.EclipseLogger - Using 'UTF-8' encoding to copy filtered resources.
2018-08-07 16:10:06,758 [Worker-133] INFO  o.e.m.c.i.embedder.EclipseLogger - skip non existing resourceDirectory C:\Users\b005204\Automation POC\poc-project\src\test\resources
2018-08-07 16:10:13,536 [Worker-133] INFO  o.e.m.c.i.p.ProjectConfigurationManager - Update started
2018-08-07 16:10:13,958 [Worker-133] INFO  o.e.m.c.i.l.LifecycleMappingFactory - Using org.eclipse.m2e.jdt.JarLifecycleMapping lifecycle mapping for MavenProject: org.automation.poc:poc-project:1.0-SNAPSHOT @ C:\Users\b005204\Automation POC\poc-project\pom.xml.
2018-08-07 16:10:14,229 [Worker-133] INFO  o.e.m.j.i.AbstractJavaProjectConfigurator - Adding source folder /poc-project/src/main/java
2018-08-07 16:10:14,230 [Worker-133] INFO  o.e.m.j.i.AbstractJavaProjectConfigurator - Adding resource folder /poc-project/src/main/resources
2018-08-07 16:10:14,231 [Worker-133] INFO  o.e.m.j.i.AbstractJavaProjectConfigurator - Adding source folder /poc-project/src/test/java
2018-08-07 16:10:14,419 [Worker-133] INFO  o.e.m.c.i.p.ProjectConfigurationManager - Update completed: 0 sec
2018-08-07 16:10:14,723 [Worker-133] INFO  o.e.m.c.i.embedder.EclipseLogger - Using 'UTF-8' encoding to copy filtered resources.
2018-08-07 16:10:14,724 [Worker-133] INFO  o.e.m.c.i.embedder.EclipseLogger - Copying 3 resources
2018-08-07 16:10:14,737 [Worker-133] INFO  o.e.m.c.i.embedder.EclipseLogger - Using 'UTF-8' encoding to copy filtered resources.
2018-08-07 16:10:14,738 [Worker-133] INFO  o.e.m.c.i.embedder.EclipseLogger - skip non existing resourceDirectory C:\Users\b005204\Automation POC\poc-project\src\test\resources
2018-08-07 16:10:33,076 [Worker-139] INFO  o.e.m.c.i.embedder.EclipseLogger - Using 'UTF-8' encoding to copy filtered resources.
2018-08-07 16:10:33,083 [Worker-139] INFO  o.e.m.c.i.embedder.EclipseLogger - Copying 0 resource
2018-08-07 16:10:33,085 [Worker-139] INFO  o.e.m.c.i.embedder.EclipseLogger - Using 'UTF-8' encoding to copy filtered resources.
2018-08-07 16:10:33,085 [Worker-139] INFO  o.e.m.c.i.embedder.EclipseLogger - skip non existing resourceDirectory C:\Users\b005204\Automation POC\poc-project\src\test\resources
2018-08-07 16:10:34,189 [Worker-141] INFO  o.e.m.c.i.embedder.EclipseLogger - Using 'UTF-8' encoding to copy filtered resources.
2018-08-07 16:10:34,189 [Worker-141] INFO  o.e.m.c.i.embedder.EclipseLogger - Copying 0 resource
2018-08-07 16:10:34,190 [Worker-141] INFO  o.e.m.c.i.embedder.EclipseLogger - Using 'UTF-8' encoding to copy filtered resources.
2018-08-07 16:10:34,191 [Worker-141] INFO  o.e.m.c.i.embedder.EclipseLogger - skip non existing resourceDirectory C:\Users\b005204\Automation POC\poc-project\src\test\resources
2018-08-07 16:10:36,255 [Worker-139] INFO  o.e.m.c.i.embedder.EclipseLogger - Using 'UTF-8' encoding to copy filtered resources.
2018-08-07 16:10:36,255 [Worker-139] INFO  o.e.m.c.i.embedder.EclipseLogger - Copying 0 resource
2018-08-07 16:10:36,256 [Worker-139] INFO  o.e.m.c.i.embedder.EclipseLogger - Using 'UTF-8' encoding to copy filtered resources.
2018-08-07 16:10:36,256 [Worker-139] INFO  o.e.m.c.i.embedder.EclipseLogger - skip non existing resourceDirectory C:\Users\b005204\Automation POC\poc-project\src\test\resources
2018-08-07 16:10:49,953 [Worker-140] INFO  o.e.m.c.i.embedder.EclipseLogger - Using 'UTF-8' encoding to copy filtered resources.
2018-08-07 16:10:49,953 [Worker-140] INFO  o.e.m.c.i.embedder.EclipseLogger - Copying 0 resource
2018-08-07 16:10:49,954 [Worker-140] INFO  o.e.m.c.i.embedder.EclipseLogger - Using 'UTF-8' encoding to copy filtered resources.
2018-08-07 16:10:49,955 [Worker-140] INFO  o.e.m.c.i.embedder.EclipseLogger - skip non existing resourceDirectory C:\Users\b005204\Automation POC\poc-project\src\test\resources
2018-08-07 16:11:17,278 [Worker-140] INFO  o.e.m.c.i.p.ProjectConfigurationManager - Update started
2018-08-07 16:11:17,802 [Worker-140] INFO  o.e.m.c.i.l.LifecycleMappingFactory - Using org.eclipse.m2e.jdt.JarLifecycleMapping lifecycle mapping for MavenProject: org.automation.poc:poc-project:1.0-SNAPSHOT @ C:\Users\b005204\Automation POC\poc-project\pom.xml.
2018-08-07 16:11:18,102 [Worker-140] INFO  o.e.m.j.i.AbstractJavaProjectConfigurator - Adding source folder /poc-project/src/main/java
2018-08-07 16:11:18,102 [Worker-140] INFO  o.e.m.j.i.AbstractJavaProjectConfigurator - Adding resource folder /poc-project/src/main/resources
2018-08-07 16:11:18,103 [Worker-140] INFO  o.e.m.j.i.AbstractJavaProjectConfigurator - Adding source folder /poc-project/src/test/java
2018-08-07 16:11:18,310 [Worker-140] INFO  o.e.m.c.i.p.ProjectConfigurationManager - Update completed: 1 sec
2018-08-07 16:11:18,741 [Worker-124] INFO  o.e.m.c.i.embedder.EclipseLogger - Using 'UTF-8' encoding to copy filtered resources.
2018-08-07 16:11:18,742 [Worker-124] INFO  o.e.m.c.i.embedder.EclipseLogger - Copying 3 resources
2018-08-07 16:11:18,762 [Worker-124] INFO  o.e.m.c.i.embedder.EclipseLogger - Using 'UTF-8' encoding to copy filtered resources.
2018-08-07 16:11:18,762 [Worker-124] INFO  o.e.m.c.i.embedder.EclipseLogger - skip non existing resourceDirectory C:\Users\b005204\Automation POC\poc-project\src\test\resources
2018-08-07 16:14:07,563 [Worker-140] INFO  o.e.m.c.i.embedder.EclipseLogger - Using 'UTF-8' encoding to copy filtered resources.
2018-08-07 16:14:07,567 [Worker-140] INFO  o.e.m.c.i.embedder.EclipseLogger - Copying 0 resource
2018-08-07 16:14:07,567 [Worker-140] INFO  o.e.m.c.i.embedder.EclipseLogger - Using 'UTF-8' encoding to copy filtered resources.
2018-08-07 16:14:07,568 [Worker-140] INFO  o.e.m.c.i.embedder.EclipseLogger - skip non existing resourceDirectory C:\Users\b005204\Automation POC\poc-project\src\test\resources
2018-08-07 16:14:23,923 [Worker-141] INFO  o.e.m.c.i.embedder.EclipseLogger - Using 'UTF-8' encoding to copy filtered resources.
2018-08-07 16:14:23,924 [Worker-141] INFO  o.e.m.c.i.embedder.EclipseLogger - Copying 0 resource
2018-08-07 16:14:23,925 [Worker-141] INFO  o.e.m.c.i.embedder.EclipseLogger - Using 'UTF-8' encoding to copy filtered resources.
2018-08-07 16:14:23,925 [Worker-141] INFO  o.e.m.c.i.embedder.EclipseLogger - skip non existing resourceDirectory C:\Users\b005204\Automation POC\poc-project\src\test\resources
2018-08-07 16:16:09,766 [Worker-141] INFO  o.e.m.c.i.embedder.EclipseLogger - Using 'UTF-8' encoding to copy filtered resources.
2018-08-07 16:16:09,766 [Worker-141] INFO  o.e.m.c.i.embedder.EclipseLogger - Copying 0 resource
2018-08-07 16:16:09,767 [Worker-141] INFO  o.e.m.c.i.embedder.EclipseLogger - Using 'UTF-8' encoding to copy filtered resources.
2018-08-07 16:16:09,767 [Worker-141] INFO  o.e.m.c.i.embedder.EclipseLogger - skip non existing resourceDirectory C:\Users\b005204\Automation POC\poc-project\src\test\resources
2018-08-07 16:18:36,896 [Worker-141] INFO  o.e.m.c.i.embedder.EclipseLogger - Using 'UTF-8' encoding to copy filtered resources.
2018-08-07 16:18:36,897 [Worker-141] INFO  o.e.m.c.i.embedder.EclipseLogger - Copying 0 resource
2018-08-07 16:18:36,898 [Worker-141] INFO  o.e.m.c.i.embedder.EclipseLogger - Using 'UTF-8' encoding to copy filtered resources.
2018-08-07 16:18:36,898 [Worker-141] INFO  o.e.m.c.i.embedder.EclipseLogger - skip non existing resourceDirectory C:\Users\b005204\Automation POC\poc-project\src\test\resources
2018-08-07 16:18:43,036 [Worker-141] INFO  o.e.m.c.i.embedder.EclipseLogger - Using 'UTF-8' encoding to copy filtered resources.
2018-08-07 16:18:43,036 [Worker-141] INFO  o.e.m.c.i.embedder.EclipseLogger - Copying 0 resource
2018-08-07 16:18:43,037 [Worker-141] INFO  o.e.m.c.i.embedder.EclipseLogger - Using 'UTF-8' encoding to copy filtered resources.
2018-08-07 16:18:43,037 [Worker-141] INFO  o.e.m.c.i.embedder.EclipseLogger - skip non existing resourceDirectory C:\Users\b005204\Automation POC\poc-project\src\test\resources
2018-08-07 16:20:10,258 [Worker-138] INFO  o.e.m.c.i.embedder.EclipseLogger - Using 'UTF-8' encoding to copy filtered resources.
2018-08-07 16:20:10,260 [Worker-138] INFO  o.e.m.c.i.embedder.EclipseLogger - Copying 3 resources
2018-08-07 16:20:10,261 [Worker-138] INFO  o.e.m.c.i.embedder.EclipseLogger - Using 'UTF-8' encoding to copy filtered resources.
2018-08-07 16:20:10,262 [Worker-138] INFO  o.e.m.c.i.embedder.EclipseLogger - skip non existing resourceDirectory C:\Users\b005204\Automation POC\poc-project\src\test\resources
2018-08-07 16:21:03,855 [Worker-141] INFO  o.e.m.c.i.embedder.EclipseLogger - Using 'UTF-8' encoding to copy filtered resources.
2018-08-07 16:21:03,856 [Worker-141] INFO  o.e.m.c.i.embedder.EclipseLogger - Copying 3 resources
2018-08-07 16:21:03,860 [Worker-141] INFO  o.e.m.c.i.embedder.EclipseLogger - Using 'UTF-8' encoding to copy filtered resources.
2018-08-07 16:21:03,860 [Worker-141] INFO  o.e.m.c.i.embedder.EclipseLogger - skip non existing resourceDirectory C:\Users\b005204\Automation POC\poc-project\src\test\resources
2018-08-07 16:21:17,368 [Worker-139] INFO  o.e.m.c.i.embedder.EclipseLogger - Using 'UTF-8' encoding to copy filtered resources.
2018-08-07 16:21:17,370 [Worker-139] INFO  o.e.m.c.i.embedder.EclipseLogger - Copying 3 resources
2018-08-07 16:21:17,372 [Worker-139] INFO  o.e.m.c.i.embedder.EclipseLogger - Using 'UTF-8' encoding to copy filtered resources.
2018-08-07 16:21:17,372 [Worker-139] INFO  o.e.m.c.i.embedder.EclipseLogger - skip non existing resourceDirectory C:\Users\b005204\Automation POC\poc-project\src\test\resources
2018-08-07 16:21:27,066 [Worker-139] INFO  o.e.m.c.i.embedder.EclipseLogger - Using 'UTF-8' encoding to copy filtered resources.
2018-08-07 16:21:27,067 [Worker-139] INFO  o.e.m.c.i.embedder.EclipseLogger - Copying 3 resources
2018-08-07 16:21:27,070 [Worker-139] INFO  o.e.m.c.i.embedder.EclipseLogger - Using 'UTF-8' encoding to copy filtered resources.
2018-08-07 16:21:27,070 [Worker-139] INFO  o.e.m.c.i.embedder.EclipseLogger - skip non existing resourceDirectory C:\Users\b005204\Automation POC\poc-project\src\test\resources
2018-08-07 16:27:00,020 [Worker-145] INFO  o.e.m.c.i.embedder.EclipseLogger - Using 'UTF-8' encoding to copy filtered resources.
2018-08-07 16:27:00,021 [Worker-145] INFO  o.e.m.c.i.embedder.EclipseLogger - Copying 3 resources
2018-08-07 16:27:00,023 [Worker-145] INFO  o.e.m.c.i.embedder.EclipseLogger - Using 'UTF-8' encoding to copy filtered resources.
2018-08-07 16:27:00,023 [Worker-145] INFO  o.e.m.c.i.embedder.EclipseLogger - skip non existing resourceDirectory C:\Users\b005204\Automation POC\poc-project\src\test\resources
2018-08-07 16:30:46,138 [Worker-145] INFO  o.e.m.c.i.embedder.EclipseLogger - Using 'UTF-8' encoding to copy filtered resources.
2018-08-07 16:30:46,139 [Worker-145] INFO  o.e.m.c.i.embedder.EclipseLogger - Copying 3 resources
2018-08-07 16:30:46,141 [Worker-145] INFO  o.e.m.c.i.embedder.EclipseLogger - Using 'UTF-8' encoding to copy filtered resources.
2018-08-07 16:30:46,141 [Worker-145] INFO  o.e.m.c.i.embedder.EclipseLogger - skip non existing resourceDirectory C:\Users\b005204\Automation POC\poc-project\src\test\resources
2018-08-07 16:30:59,837 [Worker-148] INFO  o.e.m.c.i.embedder.EclipseLogger - Using 'UTF-8' encoding to copy filtered resources.
2018-08-07 16:30:59,838 [Worker-148] INFO  o.e.m.c.i.embedder.EclipseLogger - Copying 3 resources
2018-08-07 16:30:59,840 [Worker-148] INFO  o.e.m.c.i.embedder.EclipseLogger - Using 'UTF-8' encoding to copy filtered resources.
2018-08-07 16:30:59,840 [Worker-148] INFO  o.e.m.c.i.embedder.EclipseLogger - skip non existing resourceDirectory C:\Users\b005204\Automation POC\poc-project\src\test\resources
2018-08-07 16:34:07,101 [Worker-153] INFO  o.e.m.c.i.embedder.EclipseLogger - Using 'UTF-8' encoding to copy filtered resources.
2018-08-07 16:34:07,102 [Worker-153] INFO  o.e.m.c.i.embedder.EclipseLogger - Copying 3 resources
2018-08-07 16:34:07,109 [Worker-153] INFO  o.e.m.c.i.embedder.EclipseLogger - Using 'UTF-8' encoding to copy filtered resources.
2018-08-07 16:34:07,110 [Worker-153] INFO  o.e.m.c.i.embedder.EclipseLogger - skip non existing resourceDirectory C:\Users\b005204\Automation POC\poc-project\src\test\resources
2018-08-07 16:35:02,900 [Worker-157] INFO  o.e.m.c.i.embedder.EclipseLogger - Using 'UTF-8' encoding to copy filtered resources.
2018-08-07 16:35:02,901 [Worker-157] INFO  o.e.m.c.i.embedder.EclipseLogger - Copying 3 resources
2018-08-07 16:35:02,902 [Worker-157] INFO  o.e.m.c.i.embedder.EclipseLogger - Using 'UTF-8' encoding to copy filtered resources.
2018-08-07 16:35:02,902 [Worker-157] INFO  o.e.m.c.i.embedder.EclipseLogger - skip non existing resourceDirectory C:\Users\b005204\Automation POC\poc-project\src\test\resources
2018-08-07 16:37:14,136 [Worker-157] INFO  o.e.m.c.i.embedder.EclipseLogger - Using 'UTF-8' encoding to copy filtered resources.
2018-08-07 16:37:14,139 [Worker-157] INFO  o.e.m.c.i.embedder.EclipseLogger - Copying 3 resources
2018-08-07 16:37:14,150 [Worker-157] INFO  o.e.m.c.i.embedder.EclipseLogger - Using 'UTF-8' encoding to copy filtered resources.
2018-08-07 16:37:14,150 [Worker-157] INFO  o.e.m.c.i.embedder.EclipseLogger - skip non existing resourceDirectory C:\Users\b005204\Automation POC\poc-project\src\test\resources
2018-08-07 16:45:11,099 [Worker-157] INFO  o.e.m.c.i.embedder.EclipseLogger - Using 'UTF-8' encoding to copy filtered resources.
2018-08-07 16:45:11,101 [Worker-157] INFO  o.e.m.c.i.embedder.EclipseLogger - Copying 3 resources
2018-08-07 16:45:11,103 [Worker-157] INFO  o.e.m.c.i.embedder.EclipseLogger - Using 'UTF-8' encoding to copy filtered resources.
2018-08-07 16:45:11,103 [Worker-157] INFO  o.e.m.c.i.embedder.EclipseLogger - skip non existing resourceDirectory C:\Users\b005204\Automation POC\poc-project\src\test\resources
2018-08-07 16:47:13,253 [Worker-157] INFO  o.e.m.c.i.embedder.EclipseLogger - Using 'UTF-8' encoding to copy filtered resources.
2018-08-07 16:47:13,254 [Worker-157] INFO  o.e.m.c.i.embedder.EclipseLogger - Copying 3 resources
2018-08-07 16:47:13,255 [Worker-157] INFO  o.e.m.c.i.embedder.EclipseLogger - Using 'UTF-8' encoding to copy filtered resources.
2018-08-07 16:47:13,256 [Worker-157] INFO  o.e.m.c.i.embedder.EclipseLogger - skip non existing resourceDirectory C:\Users\b005204\Automation POC\poc-project\src\test\resources
2018-08-08 06:46:44,904 [Worker-9] INFO  o.e.m.c.i.embedder.EclipseLogger - Using 'UTF-8' encoding to copy filtered resources.
2018-08-08 06:46:44,925 [Worker-9] INFO  o.e.m.c.i.embedder.EclipseLogger - Copying 3 resources
2018-08-08 06:46:44,935 [Worker-9] INFO  o.e.m.c.i.embedder.EclipseLogger - Using 'UTF-8' encoding to copy filtered resources.
2018-08-08 06:46:44,936 [Worker-9] INFO  o.e.m.c.i.embedder.EclipseLogger - skip non existing resourceDirectory C:\Users\b005204\Automation POC\poc-project\src\test\resources
2018-08-08 06:52:39,404 [Worker-19] INFO  o.e.m.c.i.embedder.EclipseLogger - Using 'UTF-8' encoding to copy filtered resources.
2018-08-08 06:52:39,407 [Worker-19] INFO  o.e.m.c.i.embedder.EclipseLogger - Copying 0 resource
2018-08-08 06:52:39,410 [Worker-19] INFO  o.e.m.c.i.embedder.EclipseLogger - Using 'UTF-8' encoding to copy filtered resources.
2018-08-08 06:52:39,410 [Worker-19] INFO  o.e.m.c.i.embedder.EclipseLogger - skip non existing resourceDirectory C:\Users\b005204\Automation POC\poc-project\src\test\resources
2018-08-08 06:53:26,956 [Worker-10] INFO  o.e.m.c.i.embedder.EclipseLogger - Using 'UTF-8' encoding to copy filtered resources.
2018-08-08 06:53:26,957 [Worker-10] INFO  o.e.m.c.i.embedder.EclipseLogger - Copying 0 resource
2018-08-08 06:53:26,960 [Worker-10] INFO  o.e.m.c.i.embedder.EclipseLogger - Using 'UTF-8' encoding to copy filtered resources.
2018-08-08 06:53:26,960 [Worker-10] INFO  o.e.m.c.i.embedder.EclipseLogger - skip non existing resourceDirectory C:\Users\b005204\Automation POC\poc-project\src\test\resources
2018-08-08 06:57:14,357 [Worker-22] INFO  o.e.m.c.i.embedder.EclipseLogger - Using 'UTF-8' encoding to copy filtered resources.
2018-08-08 06:57:14,359 [Worker-22] INFO  o.e.m.c.i.embedder.EclipseLogger - Copying 1 resource
2018-08-08 06:57:14,366 [Worker-22] INFO  o.e.m.c.i.embedder.EclipseLogger - Using 'UTF-8' encoding to copy filtered resources.
2018-08-08 06:57:14,366 [Worker-22] INFO  o.e.m.c.i.embedder.EclipseLogger - skip non existing resourceDirectory C:\Users\b005204\Automation POC\poc-project\src\test\resources
2018-08-08 07:04:26,582 [Worker-11] INFO  o.e.m.c.i.embedder.EclipseLogger - Using 'UTF-8' encoding to copy filtered resources.
2018-08-08 07:04:26,601 [Worker-11] INFO  o.e.m.c.i.embedder.EclipseLogger - Copying 3 resources
2018-08-08 07:04:26,606 [Worker-11] INFO  o.e.m.c.i.embedder.EclipseLogger - Using 'UTF-8' encoding to copy filtered resources.
2018-08-08 07:04:26,607 [Worker-11] INFO  o.e.m.c.i.embedder.EclipseLogger - skip non existing resourceDirectory C:\Users\b005204\Automation POC\poc-project\src\test\resources
2018-08-08 07:37:09,392 [Worker-47] INFO  o.e.m.c.i.embedder.EclipseLogger - Using 'UTF-8' encoding to copy filtered resources.
2018-08-08 07:37:09,393 [Worker-47] INFO  o.e.m.c.i.embedder.EclipseLogger - Copying 0 resource
2018-08-08 07:37:09,394 [Worker-47] INFO  o.e.m.c.i.embedder.EclipseLogger - Using 'UTF-8' encoding to copy filtered resources.
2018-08-08 07:37:09,395 [Worker-47] INFO  o.e.m.c.i.embedder.EclipseLogger - skip non existing resourceDirectory C:\Users\b005204\Automation POC\poc-project\src\test\resources
2018-08-08 07:37:25,081 [Worker-50] INFO  o.e.m.c.i.embedder.EclipseLogger - Using 'UTF-8' encoding to copy filtered resources.
2018-08-08 07:37:25,082 [Worker-50] INFO  o.e.m.c.i.embedder.EclipseLogger - Copying 3 resources
2018-08-08 07:37:25,084 [Worker-50] INFO  o.e.m.c.i.embedder.EclipseLogger - Using 'UTF-8' encoding to copy filtered resources.
2018-08-08 07:37:25,084 [Worker-50] INFO  o.e.m.c.i.embedder.EclipseLogger - skip non existing resourceDirectory C:\Users\b005204\Automation POC\poc-project\src\test\resources
2018-08-08 07:38:09,183 [Worker-48] INFO  o.e.m.c.i.embedder.EclipseLogger - Using 'UTF-8' encoding to copy filtered resources.
2018-08-08 07:38:09,185 [Worker-48] INFO  o.e.m.c.i.embedder.EclipseLogger - Copying 3 resources
2018-08-08 07:38:09,187 [Worker-48] INFO  o.e.m.c.i.embedder.EclipseLogger - Using 'UTF-8' encoding to copy filtered resources.
2018-08-08 07:38:09,188 [Worker-48] INFO  o.e.m.c.i.embedder.EclipseLogger - skip non existing resourceDirectory C:\Users\b005204\Automation POC\poc-project\src\test\resources
2018-08-08 07:39:16,951 [Worker-49] INFO  o.e.m.c.i.embedder.EclipseLogger - Using 'UTF-8' encoding to copy filtered resources.
2018-08-08 07:39:16,953 [Worker-49] INFO  o.e.m.c.i.embedder.EclipseLogger - Copying 3 resources
2018-08-08 07:39:16,955 [Worker-49] INFO  o.e.m.c.i.embedder.EclipseLogger - Using 'UTF-8' encoding to copy filtered resources.
2018-08-08 07:39:16,956 [Worker-49] INFO  o.e.m.c.i.embedder.EclipseLogger - skip non existing resourceDirectory C:\Users\b005204\Automation POC\poc-project\src\test\resources
2018-08-08 07:46:04,264 [Worker-53] INFO  o.e.m.c.i.embedder.EclipseLogger - Using 'UTF-8' encoding to copy filtered resources.
2018-08-08 07:46:04,264 [Worker-53] INFO  o.e.m.c.i.embedder.EclipseLogger - Copying 3 resources
2018-08-08 07:46:04,264 [Worker-53] INFO  o.e.m.c.i.embedder.EclipseLogger - Using 'UTF-8' encoding to copy filtered resources.
2018-08-08 07:46:04,264 [Worker-53] INFO  o.e.m.c.i.embedder.EclipseLogger - skip non existing resourceDirectory C:\Users\b005204\Automation POC\poc-project\src\test\resources
2018-08-08 07:46:11,149 [Worker-49] INFO  o.e.m.c.i.embedder.EclipseLogger - Using 'UTF-8' encoding to copy filtered resources.
2018-08-08 07:46:11,149 [Worker-49] INFO  o.e.m.c.i.embedder.EclipseLogger - Copying 3 resources
2018-08-08 07:46:11,149 [Worker-49] INFO  o.e.m.c.i.embedder.EclipseLogger - Using 'UTF-8' encoding to copy filtered resources.
2018-08-08 07:46:11,149 [Worker-49] INFO  o.e.m.c.i.embedder.EclipseLogger - skip non existing resourceDirectory C:\Users\b005204\Automation POC\poc-project\src\test\resources
2018-08-08 07:48:19,095 [Worker-49] INFO  o.e.m.c.i.embedder.EclipseLogger - Using 'UTF-8' encoding to copy filtered resources.
2018-08-08 07:48:19,095 [Worker-49] INFO  o.e.m.c.i.embedder.EclipseLogger - Copying 3 resources
2018-08-08 07:48:19,095 [Worker-49] INFO  o.e.m.c.i.embedder.EclipseLogger - Using 'UTF-8' encoding to copy filtered resources.
2018-08-08 07:48:19,095 [Worker-49] INFO  o.e.m.c.i.embedder.EclipseLogger - skip non existing resourceDirectory C:\Users\b005204\Automation POC\poc-project\src\test\resources
2018-08-08 07:50:27,060 [Worker-47] INFO  o.e.m.c.i.embedder.EclipseLogger - Using 'UTF-8' encoding to copy filtered resources.
2018-08-08 07:50:27,060 [Worker-47] INFO  o.e.m.c.i.embedder.EclipseLogger - Copying 3 resources
2018-08-08 07:50:27,060 [Worker-47] INFO  o.e.m.c.i.embedder.EclipseLogger - Using 'UTF-8' encoding to copy filtered resources.
2018-08-08 07:50:27,060 [Worker-47] INFO  o.e.m.c.i.embedder.EclipseLogger - skip non existing resourceDirectory C:\Users\b005204\Automation POC\poc-project\src\test\resources
2018-08-08 07:52:48,754 [Worker-57] INFO  o.e.m.c.i.embedder.EclipseLogger - Using 'UTF-8' encoding to copy filtered resources.
2018-08-08 07:52:48,754 [Worker-57] INFO  o.e.m.c.i.embedder.EclipseLogger - Copying 3 resources
2018-08-08 07:52:48,754 [Worker-57] INFO  o.e.m.c.i.embedder.EclipseLogger - Using 'UTF-8' encoding to copy filtered resources.
2018-08-08 07:52:48,754 [Worker-57] INFO  o.e.m.c.i.embedder.EclipseLogger - skip non existing resourceDirectory C:\Users\b005204\Automation POC\poc-project\src\test\resources
2018-08-08 07:53:25,491 [Worker-57] INFO  o.e.m.c.i.embedder.EclipseLogger - Using 'UTF-8' encoding to copy filtered resources.
2018-08-08 07:53:25,491 [Worker-57] INFO  o.e.m.c.i.embedder.EclipseLogger - Copying 1 resource
2018-08-08 07:53:25,491 [Worker-57] INFO  o.e.m.c.i.embedder.EclipseLogger - Using 'UTF-8' encoding to copy filtered resources.
2018-08-08 07:53:25,491 [Worker-57] INFO  o.e.m.c.i.embedder.EclipseLogger - skip non existing resourceDirectory C:\Users\b005204\Automation POC\poc-project\src\test\resources
2018-08-08 07:54:49,936 [Worker-53] INFO  o.e.m.c.i.embedder.EclipseLogger - Using 'UTF-8' encoding to copy filtered resources.
2018-08-08 07:54:49,936 [Worker-53] INFO  o.e.m.c.i.embedder.EclipseLogger - Copying 3 resources
2018-08-08 07:54:49,940 [Worker-53] INFO  o.e.m.c.i.embedder.EclipseLogger - Using 'UTF-8' encoding to copy filtered resources.
2018-08-08 07:54:49,940 [Worker-53] INFO  o.e.m.c.i.embedder.EclipseLogger - skip non existing resourceDirectory C:\Users\b005204\Automation POC\poc-project\src\test\resources
2018-08-08 07:56:37,432 [Worker-58] INFO  o.e.m.c.i.embedder.EclipseLogger - Using 'UTF-8' encoding to copy filtered resources.
2018-08-08 07:56:37,432 [Worker-58] INFO  o.e.m.c.i.embedder.EclipseLogger - Copying 3 resources
2018-08-08 07:56:37,432 [Worker-58] INFO  o.e.m.c.i.embedder.EclipseLogger - Using 'UTF-8' encoding to copy filtered resources.
2018-08-08 07:56:37,432 [Worker-58] INFO  o.e.m.c.i.embedder.EclipseLogger - skip non existing resourceDirectory C:\Users\b005204\Automation POC\poc-project\src\test\resources
2018-08-08 07:56:50,766 [Worker-57] INFO  o.e.m.c.i.embedder.EclipseLogger - Using 'UTF-8' encoding to copy filtered resources.
2018-08-08 07:56:50,782 [Worker-57] INFO  o.e.m.c.i.embedder.EclipseLogger - Copying 3 resources
2018-08-08 07:56:50,782 [Worker-57] INFO  o.e.m.c.i.embedder.EclipseLogger - Using 'UTF-8' encoding to copy filtered resources.
2018-08-08 07:56:50,782 [Worker-57] INFO  o.e.m.c.i.embedder.EclipseLogger - skip non existing resourceDirectory C:\Users\b005204\Automation POC\poc-project\src\test\resources
2018-08-08 07:59:12,089 [Worker-54] INFO  o.e.m.c.i.embedder.EclipseLogger - Using 'UTF-8' encoding to copy filtered resources.
2018-08-08 07:59:12,093 [Worker-54] INFO  o.e.m.c.i.embedder.EclipseLogger - Copying 3 resources
2018-08-08 07:59:12,093 [Worker-54] INFO  o.e.m.c.i.embedder.EclipseLogger - Using 'UTF-8' encoding to copy filtered resources.
2018-08-08 07:59:12,093 [Worker-54] INFO  o.e.m.c.i.embedder.EclipseLogger - skip non existing resourceDirectory C:\Users\b005204\Automation POC\poc-project\src\test\resources
2018-08-09 00:22:41,773 [Worker-0] INFO  o.e.m.c.i.embedder.EclipseLogger - Using 'UTF-8' encoding to copy filtered resources.
2018-08-09 00:22:41,787 [Worker-0] INFO  o.e.m.c.i.embedder.EclipseLogger - Copying 3 resources
2018-08-09 00:22:41,798 [Worker-0] INFO  o.e.m.c.i.embedder.EclipseLogger - Using 'UTF-8' encoding to copy filtered resources.
2018-08-09 00:22:41,799 [Worker-0] INFO  o.e.m.c.i.embedder.EclipseLogger - skip non existing resourceDirectory C:\Users\b005204\Automation POC\poc-project\src\test\resources
2018-08-09 00:23:42,205 [Worker-4] INFO  o.e.m.c.i.embedder.EclipseLogger - Using 'UTF-8' encoding to copy filtered resources.
2018-08-09 00:23:42,211 [Worker-4] INFO  o.e.m.c.i.embedder.EclipseLogger - Copying 1 resource
2018-08-09 00:23:42,218 [Worker-4] INFO  o.e.m.c.i.embedder.EclipseLogger - Using 'UTF-8' encoding to copy filtered resources.
2018-08-09 00:23:42,219 [Worker-4] INFO  o.e.m.c.i.embedder.EclipseLogger - skip non existing resourceDirectory C:\Users\b005204\Automation POC\poc-project\src\test\resources
2018-08-09 00:24:12,626 [Worker-5] INFO  o.e.m.c.i.embedder.EclipseLogger - Using 'UTF-8' encoding to copy filtered resources.
2018-08-09 00:24:12,638 [Worker-5] INFO  o.e.m.c.i.embedder.EclipseLogger - Copying 3 resources
2018-08-09 00:24:12,640 [Worker-5] INFO  o.e.m.c.i.embedder.EclipseLogger - Using 'UTF-8' encoding to copy filtered resources.
2018-08-09 00:24:12,640 [Worker-5] INFO  o.e.m.c.i.embedder.EclipseLogger - skip non existing resourceDirectory C:\Users\b005204\Automation POC\poc-project\src\test\resources
2018-08-09 00:24:24,833 [Worker-2] INFO  o.e.m.c.i.embedder.EclipseLogger - Using 'UTF-8' encoding to copy filtered resources.
2018-08-09 00:24:24,834 [Worker-2] INFO  o.e.m.c.i.embedder.EclipseLogger - Copying 3 resources
2018-08-09 00:24:24,836 [Worker-2] INFO  o.e.m.c.i.embedder.EclipseLogger - Using 'UTF-8' encoding to copy filtered resources.
2018-08-09 00:24:24,836 [Worker-2] INFO  o.e.m.c.i.embedder.EclipseLogger - skip non existing resourceDirectory C:\Users\b005204\Automation POC\poc-project\src\test\resources
2018-08-09 00:24:33,557 [Worker-12] INFO  o.e.m.c.i.embedder.EclipseLogger - Using 'UTF-8' encoding to copy filtered resources.
2018-08-09 00:24:33,558 [Worker-12] INFO  o.e.m.c.i.embedder.EclipseLogger - Copying 3 resources
2018-08-09 00:24:33,560 [Worker-12] INFO  o.e.m.c.i.embedder.EclipseLogger - Using 'UTF-8' encoding to copy filtered resources.
2018-08-09 00:24:33,561 [Worker-12] INFO  o.e.m.c.i.embedder.EclipseLogger - skip non existing resourceDirectory C:\Users\b005204\Automation POC\poc-project\src\test\resources
2018-08-09 00:24:52,069 [Worker-2] INFO  o.e.m.c.i.embedder.EclipseLogger - Using 'UTF-8' encoding to copy filtered resources.
2018-08-09 00:24:52,070 [Worker-2] INFO  o.e.m.c.i.embedder.EclipseLogger - Copying 1 resource
2018-08-09 00:24:52,073 [Worker-2] INFO  o.e.m.c.i.embedder.EclipseLogger - Using 'UTF-8' encoding to copy filtered resources.
2018-08-09 00:24:52,074 [Worker-2] INFO  o.e.m.c.i.embedder.EclipseLogger - skip non existing resourceDirectory C:\Users\b005204\Automation POC\poc-project\src\test\resources
2018-08-09 00:25:36,147 [Worker-16] INFO  o.e.m.c.i.embedder.EclipseLogger - Using 'UTF-8' encoding to copy filtered resources.
2018-08-09 00:25:36,148 [Worker-16] INFO  o.e.m.c.i.embedder.EclipseLogger - Copying 0 resource
2018-08-09 00:25:36,149 [Worker-16] INFO  o.e.m.c.i.embedder.EclipseLogger - Using 'UTF-8' encoding to copy filtered resources.
2018-08-09 00:25:36,149 [Worker-16] INFO  o.e.m.c.i.embedder.EclipseLogger - skip non existing resourceDirectory C:\Users\b005204\Automation POC\poc-project\src\test\resources
2018-08-09 00:27:07,043 [Worker-14] INFO  o.e.m.c.i.embedder.EclipseLogger - Using 'UTF-8' encoding to copy filtered resources.
2018-08-09 00:27:07,044 [Worker-14] INFO  o.e.m.c.i.embedder.EclipseLogger - Copying 0 resource
2018-08-09 00:27:07,047 [Worker-14] INFO  o.e.m.c.i.embedder.EclipseLogger - Using 'UTF-8' encoding to copy filtered resources.
2018-08-09 00:27:07,048 [Worker-14] INFO  o.e.m.c.i.embedder.EclipseLogger - skip non existing resourceDirectory C:\Users\b005204\Automation POC\poc-project\src\test\resources
2018-08-09 00:41:23,182 [Worker-20] INFO  o.e.m.c.i.embedder.EclipseLogger - Using 'UTF-8' encoding to copy filtered resources.
2018-08-09 00:41:23,183 [Worker-20] INFO  o.e.m.c.i.embedder.EclipseLogger - Copying 3 resources
2018-08-09 00:41:23,185 [Worker-20] INFO  o.e.m.c.i.embedder.EclipseLogger - Using 'UTF-8' encoding to copy filtered resources.
2018-08-09 00:41:23,186 [Worker-20] INFO  o.e.m.c.i.embedder.EclipseLogger - skip non existing resourceDirectory C:\Users\b005204\Automation POC\poc-project\src\test\resources
2018-08-09 00:47:14,127 [Worker-31] INFO  o.e.m.c.i.embedder.EclipseLogger - Using 'UTF-8' encoding to copy filtered resources.
2018-08-09 00:47:14,128 [Worker-31] INFO  o.e.m.c.i.embedder.EclipseLogger - Copying 0 resource
2018-08-09 00:47:14,129 [Worker-31] INFO  o.e.m.c.i.embedder.EclipseLogger - Using 'UTF-8' encoding to copy filtered resources.
2018-08-09 00:47:14,130 [Worker-31] INFO  o.e.m.c.i.embedder.EclipseLogger - skip non existing resourceDirectory C:\Users\b005204\Automation POC\poc-project\src\test\resources
2018-08-09 00:50:59,355 [Worker-29] INFO  o.e.m.c.i.embedder.EclipseLogger - Using 'UTF-8' encoding to copy filtered resources.
2018-08-09 00:50:59,356 [Worker-29] INFO  o.e.m.c.i.embedder.EclipseLogger - Copying 0 resource
2018-08-09 00:50:59,357 [Worker-29] INFO  o.e.m.c.i.embedder.EclipseLogger - Using 'UTF-8' encoding to copy filtered resources.
2018-08-09 00:50:59,357 [Worker-29] INFO  o.e.m.c.i.embedder.EclipseLogger - skip non existing resourceDirectory C:\Users\b005204\Automation POC\poc-project\src\test\resources
2018-08-09 01:15:00,213 [Worker-40] INFO  o.e.m.c.i.embedder.EclipseLogger - Using 'UTF-8' encoding to copy filtered resources.
2018-08-09 01:15:00,217 [Worker-40] INFO  o.e.m.c.i.embedder.EclipseLogger - Copying 3 resources
2018-08-09 01:15:00,221 [Worker-40] INFO  o.e.m.c.i.embedder.EclipseLogger - Using 'UTF-8' encoding to copy filtered resources.
2018-08-09 01:15:00,221 [Worker-40] INFO  o.e.m.c.i.embedder.EclipseLogger - skip non existing resourceDirectory C:\Users\b005204\Automation POC\poc-project\src\test\resources
2018-08-09 01:22:31,488 [Worker-40] INFO  o.e.m.c.i.embedder.EclipseLogger - Using 'UTF-8' encoding to copy filtered resources.
2018-08-09 01:22:31,488 [Worker-40] INFO  o.e.m.c.i.embedder.EclipseLogger - Copying 3 resources
2018-08-09 01:22:31,492 [Worker-40] INFO  o.e.m.c.i.embedder.EclipseLogger - Using 'UTF-8' encoding to copy filtered resources.
2018-08-09 01:22:31,492 [Worker-40] INFO  o.e.m.c.i.embedder.EclipseLogger - skip non existing resourceDirectory C:\Users\b005204\Automation POC\poc-project\src\test\resources
2018-08-09 01:24:54,206 [Worker-47] INFO  o.e.m.c.i.embedder.EclipseLogger - Using 'UTF-8' encoding to copy filtered resources.
2018-08-09 01:24:54,206 [Worker-47] INFO  o.e.m.c.i.embedder.EclipseLogger - Copying 3 resources
2018-08-09 01:24:54,210 [Worker-47] INFO  o.e.m.c.i.embedder.EclipseLogger - Using 'UTF-8' encoding to copy filtered resources.
2018-08-09 01:24:54,210 [Worker-47] INFO  o.e.m.c.i.embedder.EclipseLogger - skip non existing resourceDirectory C:\Users\b005204\Automation POC\poc-project\src\test\resources
2018-08-09 01:25:33,871 [Worker-47] INFO  o.e.m.c.i.embedder.EclipseLogger - Using 'UTF-8' encoding to copy filtered resources.
2018-08-09 01:25:33,871 [Worker-47] INFO  o.e.m.c.i.embedder.EclipseLogger - Copying 3 resources
2018-08-09 01:25:33,875 [Worker-47] INFO  o.e.m.c.i.embedder.EclipseLogger - Using 'UTF-8' encoding to copy filtered resources.
2018-08-09 01:25:33,875 [Worker-47] INFO  o.e.m.c.i.embedder.EclipseLogger - skip non existing resourceDirectory C:\Users\b005204\Automation POC\poc-project\src\test\resources
2018-08-09 01:27:00,515 [Worker-56] INFO  o.e.m.c.i.embedder.EclipseLogger - Using 'UTF-8' encoding to copy filtered resources.
2018-08-09 01:27:00,515 [Worker-56] INFO  o.e.m.c.i.embedder.EclipseLogger - Copying 3 resources
2018-08-09 01:27:00,519 [Worker-56] INFO  o.e.m.c.i.embedder.EclipseLogger - Using 'UTF-8' encoding to copy filtered resources.
2018-08-09 01:27:00,519 [Worker-56] INFO  o.e.m.c.i.embedder.EclipseLogger - skip non existing resourceDirectory C:\Users\b005204\Automation POC\poc-project\src\test\resources
2018-08-09 01:34:57,419 [Worker-53] INFO  o.e.m.c.i.embedder.EclipseLogger - Using 'UTF-8' encoding to copy filtered resources.
2018-08-09 01:34:57,423 [Worker-53] INFO  o.e.m.c.i.embedder.EclipseLogger - Copying 3 resources
2018-08-09 01:34:57,423 [Worker-53] INFO  o.e.m.c.i.embedder.EclipseLogger - Using 'UTF-8' encoding to copy filtered resources.
2018-08-09 01:34:57,423 [Worker-53] INFO  o.e.m.c.i.embedder.EclipseLogger - skip non existing resourceDirectory C:\Users\b005204\Automation POC\poc-project\src\test\resources
2018-08-09 01:36:11,193 [Worker-51] INFO  o.e.m.c.i.embedder.EclipseLogger - Using 'UTF-8' encoding to copy filtered resources.
2018-08-09 01:36:11,193 [Worker-51] INFO  o.e.m.c.i.embedder.EclipseLogger - Copying 3 resources
2018-08-09 01:36:11,197 [Worker-51] INFO  o.e.m.c.i.embedder.EclipseLogger - Using 'UTF-8' encoding to copy filtered resources.
2018-08-09 01:36:11,197 [Worker-51] INFO  o.e.m.c.i.embedder.EclipseLogger - skip non existing resourceDirectory C:\Users\b005204\Automation POC\poc-project\src\test\resources
2018-08-09 01:37:27,576 [Worker-58] INFO  o.e.m.c.i.embedder.EclipseLogger - Using 'UTF-8' encoding to copy filtered resources.
2018-08-09 01:37:27,580 [Worker-58] INFO  o.e.m.c.i.embedder.EclipseLogger - Copying 3 resources
2018-08-09 01:37:27,580 [Worker-58] INFO  o.e.m.c.i.embedder.EclipseLogger - Using 'UTF-8' encoding to copy filtered resources.
2018-08-09 01:37:27,584 [Worker-58] INFO  o.e.m.c.i.embedder.EclipseLogger - skip non existing resourceDirectory C:\Users\b005204\Automation POC\poc-project\src\test\resources
2018-08-09 01:44:11,887 [Worker-53] INFO  o.e.m.c.i.embedder.EclipseLogger - Using 'UTF-8' encoding to copy filtered resources.
2018-08-09 01:44:11,889 [Worker-53] INFO  o.e.m.c.i.embedder.EclipseLogger - Copying 3 resources
2018-08-09 01:44:11,891 [Worker-53] INFO  o.e.m.c.i.embedder.EclipseLogger - Using 'UTF-8' encoding to copy filtered resources.
2018-08-09 01:44:11,891 [Worker-53] INFO  o.e.m.c.i.embedder.EclipseLogger - skip non existing resourceDirectory C:\Users\b005204\Automation POC\poc-project\src\test\resources
2018-08-09 01:44:19,491 [Worker-62] INFO  o.e.m.c.i.embedder.EclipseLogger - Using 'UTF-8' encoding to copy filtered resources.
2018-08-09 01:44:19,493 [Worker-62] INFO  o.e.m.c.i.embedder.EclipseLogger - Copying 3 resources
2018-08-09 01:44:19,496 [Worker-62] INFO  o.e.m.c.i.embedder.EclipseLogger - Using 'UTF-8' encoding to copy filtered resources.
2018-08-09 01:44:19,496 [Worker-62] INFO  o.e.m.c.i.embedder.EclipseLogger - skip non existing resourceDirectory C:\Users\b005204\Automation POC\poc-project\src\test\resources
2018-08-09 02:08:19,821 [Worker-66] INFO  o.e.m.c.i.embedder.EclipseLogger - Using 'UTF-8' encoding to copy filtered resources.
2018-08-09 02:08:19,823 [Worker-66] INFO  o.e.m.c.i.embedder.EclipseLogger - Copying 3 resources
2018-08-09 02:08:19,825 [Worker-66] INFO  o.e.m.c.i.embedder.EclipseLogger - Using 'UTF-8' encoding to copy filtered resources.
2018-08-09 02:08:19,826 [Worker-66] INFO  o.e.m.c.i.embedder.EclipseLogger - skip non existing resourceDirectory C:\Users\b005204\Automation POC\poc-project\src\test\resources
2018-08-09 02:09:07,717 [Worker-66] INFO  o.e.m.c.i.embedder.EclipseLogger - Using 'UTF-8' encoding to copy filtered resources.
2018-08-09 02:09:07,717 [Worker-66] INFO  o.e.m.c.i.embedder.EclipseLogger - Copying 3 resources
2018-08-09 02:09:07,717 [Worker-66] INFO  o.e.m.c.i.embedder.EclipseLogger - Using 'UTF-8' encoding to copy filtered resources.
2018-08-09 02:09:07,717 [Worker-66] INFO  o.e.m.c.i.embedder.EclipseLogger - skip non existing resourceDirectory C:\Users\b005204\Automation POC\poc-project\src\test\resources
2018-08-09 02:10:30,082 [Worker-60] INFO  o.e.m.c.i.embedder.EclipseLogger - Using 'UTF-8' encoding to copy filtered resources.
2018-08-09 02:10:30,082 [Worker-60] INFO  o.e.m.c.i.embedder.EclipseLogger - Copying 3 resources
2018-08-09 02:10:30,086 [Worker-60] INFO  o.e.m.c.i.embedder.EclipseLogger - Using 'UTF-8' encoding to copy filtered resources.
2018-08-09 02:10:30,086 [Worker-60] INFO  o.e.m.c.i.embedder.EclipseLogger - skip non existing resourceDirectory C:\Users\b005204\Automation POC\poc-project\src\test\resources
2018-08-09 08:28:45,965 [Worker-85] INFO  o.e.m.c.i.embedder.EclipseLogger - Using 'UTF-8' encoding to copy filtered resources.
2018-08-09 08:28:45,967 [Worker-85] INFO  o.e.m.c.i.embedder.EclipseLogger - Copying 3 resources
2018-08-09 08:28:45,969 [Worker-85] INFO  o.e.m.c.i.embedder.EclipseLogger - Using 'UTF-8' encoding to copy filtered resources.
2018-08-09 08:28:45,969 [Worker-85] INFO  o.e.m.c.i.embedder.EclipseLogger - skip non existing resourceDirectory C:\Users\b005204\Automation POC\poc-project\src\test\resources
2018-08-09 08:31:14,709 [Worker-81] INFO  o.e.m.c.i.embedder.EclipseLogger - Using 'UTF-8' encoding to copy filtered resources.
2018-08-09 08:31:14,710 [Worker-81] INFO  o.e.m.c.i.embedder.EclipseLogger - Copying 3 resources
2018-08-09 08:31:14,712 [Worker-81] INFO  o.e.m.c.i.embedder.EclipseLogger - Using 'UTF-8' encoding to copy filtered resources.
2018-08-09 08:31:14,712 [Worker-81] INFO  o.e.m.c.i.embedder.EclipseLogger - skip non existing resourceDirectory C:\Users\b005204\Automation POC\poc-project\src\test\resources
2018-08-09 08:31:28,818 [Worker-87] INFO  o.e.m.c.i.embedder.EclipseLogger - Using 'UTF-8' encoding to copy filtered resources.
2018-08-09 08:31:28,819 [Worker-87] INFO  o.e.m.c.i.embedder.EclipseLogger - Copying 3 resources
2018-08-09 08:31:28,821 [Worker-87] INFO  o.e.m.c.i.embedder.EclipseLogger - Using 'UTF-8' encoding to copy filtered resources.
2018-08-09 08:31:28,821 [Worker-87] INFO  o.e.m.c.i.embedder.EclipseLogger - skip non existing resourceDirectory C:\Users\b005204\Automation POC\poc-project\src\test\resources
2018-08-09 08:35:55,255 [Worker-90] INFO  o.e.m.c.i.embedder.EclipseLogger - Using 'UTF-8' encoding to copy filtered resources.
2018-08-09 08:35:55,256 [Worker-90] INFO  o.e.m.c.i.embedder.EclipseLogger - Copying 3 resources
2018-08-09 08:35:55,258 [Worker-90] INFO  o.e.m.c.i.embedder.EclipseLogger - Using 'UTF-8' encoding to copy filtered resources.
2018-08-09 08:35:55,258 [Worker-90] INFO  o.e.m.c.i.embedder.EclipseLogger - skip non existing resourceDirectory C:\Users\b005204\Automation POC\poc-project\src\test\resources
2018-08-09 08:37:56,427 [Worker-84] INFO  o.e.m.c.i.embedder.EclipseLogger - Using 'UTF-8' encoding to copy filtered resources.
2018-08-09 08:37:56,429 [Worker-84] INFO  o.e.m.c.i.embedder.EclipseLogger - Copying 3 resources
2018-08-09 08:37:56,430 [Worker-84] INFO  o.e.m.c.i.embedder.EclipseLogger - Using 'UTF-8' encoding to copy filtered resources.
2018-08-09 08:37:56,431 [Worker-84] INFO  o.e.m.c.i.embedder.EclipseLogger - skip non existing resourceDirectory C:\Users\b005204\Automation POC\poc-project\src\test\resources
2018-08-09 08:38:25,930 [Worker-88] INFO  o.e.m.c.i.embedder.EclipseLogger - Using 'UTF-8' encoding to copy filtered resources.
2018-08-09 08:38:25,931 [Worker-88] INFO  o.e.m.c.i.embedder.EclipseLogger - Copying 3 resources
2018-08-09 08:38:25,932 [Worker-88] INFO  o.e.m.c.i.embedder.EclipseLogger - Using 'UTF-8' encoding to copy filtered resources.
2018-08-09 08:38:25,932 [Worker-88] INFO  o.e.m.c.i.embedder.EclipseLogger - skip non existing resourceDirectory C:\Users\b005204\Automation POC\poc-project\src\test\resources
2018-08-09 08:52:00,954 [Worker-94] INFO  o.e.m.c.i.embedder.EclipseLogger - Using 'UTF-8' encoding to copy filtered resources.
2018-08-09 08:52:00,955 [Worker-94] INFO  o.e.m.c.i.embedder.EclipseLogger - Copying 3 resources
2018-08-09 08:52:00,957 [Worker-94] INFO  o.e.m.c.i.embedder.EclipseLogger - Using 'UTF-8' encoding to copy filtered resources.
2018-08-09 08:52:00,957 [Worker-94] INFO  o.e.m.c.i.embedder.EclipseLogger - skip non existing resourceDirectory C:\Users\b005204\Automation POC\poc-project\src\test\resources
2018-08-09 08:53:21,353 [Worker-103] INFO  o.e.m.c.i.embedder.EclipseLogger - Using 'UTF-8' encoding to copy filtered resources.
2018-08-09 08:53:21,354 [Worker-103] INFO  o.e.m.c.i.embedder.EclipseLogger - Copying 3 resources
2018-08-09 08:53:21,358 [Worker-103] INFO  o.e.m.c.i.embedder.EclipseLogger - Using 'UTF-8' encoding to copy filtered resources.
2018-08-09 08:53:21,358 [Worker-103] INFO  o.e.m.c.i.embedder.EclipseLogger - skip non existing resourceDirectory C:\Users\b005204\Automation POC\poc-project\src\test\resources
2018-08-09 08:54:02,860 [Worker-94] INFO  o.e.m.c.i.embedder.EclipseLogger - Using 'UTF-8' encoding to copy filtered resources.
2018-08-09 08:54:02,861 [Worker-94] INFO  o.e.m.c.i.embedder.EclipseLogger - Copying 3 resources
2018-08-09 08:54:02,863 [Worker-94] INFO  o.e.m.c.i.embedder.EclipseLogger - Using 'UTF-8' encoding to copy filtered resources.
2018-08-09 08:54:02,864 [Worker-94] INFO  o.e.m.c.i.embedder.EclipseLogger - skip non existing resourceDirectory C:\Users\b005204\Automation POC\poc-project\src\test\resources
2018-08-09 09:03:58,412 [Worker-104] INFO  o.e.m.c.i.embedder.EclipseLogger - Using 'UTF-8' encoding to copy filtered resources.
2018-08-09 09:03:58,413 [Worker-104] INFO  o.e.m.c.i.embedder.EclipseLogger - Copying 3 resources
2018-08-09 09:03:58,415 [Worker-104] INFO  o.e.m.c.i.embedder.EclipseLogger - Using 'UTF-8' encoding to copy filtered resources.
2018-08-09 09:03:58,416 [Worker-104] INFO  o.e.m.c.i.embedder.EclipseLogger - skip non existing resourceDirectory C:\Users\b005204\Automation POC\poc-project\src\test\resources
2018-08-09 10:45:38,042 [Worker-136] INFO  o.e.m.c.i.embedder.EclipseLogger - Using 'UTF-8' encoding to copy filtered resources.
2018-08-09 10:45:38,043 [Worker-136] INFO  o.e.m.c.i.embedder.EclipseLogger - Copying 3 resources
2018-08-09 10:45:38,045 [Worker-136] INFO  o.e.m.c.i.embedder.EclipseLogger - Using 'UTF-8' encoding to copy filtered resources.
2018-08-09 10:45:38,045 [Worker-136] INFO  o.e.m.c.i.embedder.EclipseLogger - skip non existing resourceDirectory C:\Users\b005204\Automation POC\poc-project\src\test\resources
2018-08-09 10:46:32,605 [Worker-140] INFO  o.e.m.c.i.embedder.EclipseLogger - Using 'UTF-8' encoding to copy filtered resources.
2018-08-09 10:46:32,609 [Worker-140] INFO  o.e.m.c.i.embedder.EclipseLogger - Copying 3 resources
2018-08-09 10:46:32,613 [Worker-140] INFO  o.e.m.c.i.embedder.EclipseLogger - Using 'UTF-8' encoding to copy filtered resources.
2018-08-09 10:46:32,613 [Worker-140] INFO  o.e.m.c.i.embedder.EclipseLogger - skip non existing resourceDirectory C:\Users\b005204\Automation POC\poc-project\src\test\resources
2018-08-09 10:47:12,531 [Worker-144] INFO  o.e.m.c.i.embedder.EclipseLogger - Using 'UTF-8' encoding to copy filtered resources.
2018-08-09 10:47:12,535 [Worker-144] INFO  o.e.m.c.i.embedder.EclipseLogger - Copying 3 resources
2018-08-09 10:47:12,535 [Worker-144] INFO  o.e.m.c.i.embedder.EclipseLogger - Using 'UTF-8' encoding to copy filtered resources.
2018-08-09 10:47:12,535 [Worker-144] INFO  o.e.m.c.i.embedder.EclipseLogger - skip non existing resourceDirectory C:\Users\b005204\Automation POC\poc-project\src\test\resources
2018-08-09 10:48:18,166 [Worker-140] INFO  o.e.m.c.i.embedder.EclipseLogger - Using 'UTF-8' encoding to copy filtered resources.
2018-08-09 10:48:18,168 [Worker-140] INFO  o.e.m.c.i.embedder.EclipseLogger - Copying 3 resources
2018-08-09 10:48:18,172 [Worker-140] INFO  o.e.m.c.i.embedder.EclipseLogger - Using 'UTF-8' encoding to copy filtered resources.
2018-08-09 10:48:18,172 [Worker-140] INFO  o.e.m.c.i.embedder.EclipseLogger - skip non existing resourceDirectory C:\Users\b005204\Automation POC\poc-project\src\test\resources
2018-08-09 10:48:36,914 [Worker-141] INFO  o.e.m.c.i.embedder.EclipseLogger - Using 'UTF-8' encoding to copy filtered resources.
2018-08-09 10:48:36,914 [Worker-141] INFO  o.e.m.c.i.embedder.EclipseLogger - Copying 3 resources
2018-08-09 10:48:36,918 [Worker-141] INFO  o.e.m.c.i.embedder.EclipseLogger - Using 'UTF-8' encoding to copy filtered resources.
2018-08-09 10:48:36,918 [Worker-141] INFO  o.e.m.c.i.embedder.EclipseLogger - skip non existing resourceDirectory C:\Users\b005204\Automation POC\poc-project\src\test\resources
2018-08-09 10:54:44,233 [Worker-148] INFO  o.e.m.c.i.embedder.EclipseLogger - Using 'UTF-8' encoding to copy filtered resources.
2018-08-09 10:54:44,233 [Worker-148] INFO  o.e.m.c.i.embedder.EclipseLogger - Copying 3 resources
2018-08-09 10:54:44,237 [Worker-148] INFO  o.e.m.c.i.embedder.EclipseLogger - Using 'UTF-8' encoding to copy filtered resources.
2018-08-09 10:54:44,237 [Worker-148] INFO  o.e.m.c.i.embedder.EclipseLogger - skip non existing resourceDirectory C:\Users\b005204\Automation POC\poc-project\src\test\resources
2018-08-09 10:55:43,113 [Worker-148] INFO  o.e.m.c.i.embedder.EclipseLogger - Using 'UTF-8' encoding to copy filtered resources.
2018-08-09 10:55:43,113 [Worker-148] INFO  o.e.m.c.i.embedder.EclipseLogger - Copying 1 resource
2018-08-09 10:55:43,117 [Worker-148] INFO  o.e.m.c.i.embedder.EclipseLogger - Using 'UTF-8' encoding to copy filtered resources.
2018-08-09 10:55:43,117 [Worker-148] INFO  o.e.m.c.i.embedder.EclipseLogger - skip non existing resourceDirectory C:\Users\b005204\Automation POC\poc-project\src\test\resources
2018-08-09 10:55:45,409 [Worker-148] INFO  o.e.m.c.i.embedder.EclipseLogger - Using 'UTF-8' encoding to copy filtered resources.
2018-08-09 10:55:45,413 [Worker-148] INFO  o.e.m.c.i.embedder.EclipseLogger - Copying 1 resource
2018-08-09 10:55:45,417 [Worker-148] INFO  o.e.m.c.i.embedder.EclipseLogger - Using 'UTF-8' encoding to copy filtered resources.
2018-08-09 10:55:45,417 [Worker-148] INFO  o.e.m.c.i.embedder.EclipseLogger - skip non existing resourceDirectory C:\Users\b005204\Automation POC\poc-project\src\test\resources
2018-08-09 11:02:17,131 [Worker-152] INFO  o.e.m.c.i.embedder.EclipseLogger - Using 'UTF-8' encoding to copy filtered resources.
2018-08-09 11:02:17,131 [Worker-152] INFO  o.e.m.c.i.embedder.EclipseLogger - Copying 3 resources
2018-08-09 11:02:17,131 [Worker-152] INFO  o.e.m.c.i.embedder.EclipseLogger - Using 'UTF-8' encoding to copy filtered resources.
2018-08-09 11:02:17,131 [Worker-152] INFO  o.e.m.c.i.embedder.EclipseLogger - skip non existing resourceDirectory C:\Users\b005204\Automation POC\poc-project\src\test\resources
2018-08-09 11:02:43,417 [Worker-152] INFO  o.e.m.c.i.embedder.EclipseLogger - Using 'UTF-8' encoding to copy filtered resources.
2018-08-09 11:02:43,421 [Worker-152] INFO  o.e.m.c.i.embedder.EclipseLogger - Copying 3 resources
2018-08-09 11:02:43,421 [Worker-152] INFO  o.e.m.c.i.embedder.EclipseLogger - Using 'UTF-8' encoding to copy filtered resources.
2018-08-09 11:02:43,421 [Worker-152] INFO  o.e.m.c.i.embedder.EclipseLogger - skip non existing resourceDirectory C:\Users\b005204\Automation POC\poc-project\src\test\resources
2018-08-09 11:02:59,461 [Worker-153] INFO  o.e.m.c.i.embedder.EclipseLogger - Using 'UTF-8' encoding to copy filtered resources.
2018-08-09 11:02:59,461 [Worker-153] INFO  o.e.m.c.i.embedder.EclipseLogger - Copying 3 resources
2018-08-09 11:02:59,465 [Worker-153] INFO  o.e.m.c.i.embedder.EclipseLogger - Using 'UTF-8' encoding to copy filtered resources.
2018-08-09 11:02:59,465 [Worker-153] INFO  o.e.m.c.i.embedder.EclipseLogger - skip non existing resourceDirectory C:\Users\b005204\Automation POC\poc-project\src\test\resources
2018-08-09 11:03:17,090 [Worker-154] INFO  o.e.m.c.i.embedder.EclipseLogger - Using 'UTF-8' encoding to copy filtered resources.
2018-08-09 11:03:17,094 [Worker-154] INFO  o.e.m.c.i.embedder.EclipseLogger - Copying 3 resources
2018-08-09 11:03:17,094 [Worker-154] INFO  o.e.m.c.i.embedder.EclipseLogger - Using 'UTF-8' encoding to copy filtered resources.
2018-08-09 11:03:17,094 [Worker-154] INFO  o.e.m.c.i.embedder.EclipseLogger - skip non existing resourceDirectory C:\Users\b005204\Automation POC\poc-project\src\test\resources
2018-08-09 11:03:45,166 [Worker-153] INFO  o.e.m.c.i.embedder.EclipseLogger - Using 'UTF-8' encoding to copy filtered resources.
2018-08-09 11:03:45,166 [Worker-153] INFO  o.e.m.c.i.embedder.EclipseLogger - Copying 3 resources
2018-08-09 11:03:45,166 [Worker-153] INFO  o.e.m.c.i.embedder.EclipseLogger - Using 'UTF-8' encoding to copy filtered resources.
2018-08-09 11:03:45,166 [Worker-153] INFO  o.e.m.c.i.embedder.EclipseLogger - skip non existing resourceDirectory C:\Users\b005204\Automation POC\poc-project\src\test\resources
2018-08-09 11:08:58,530 [Worker-158] INFO  o.e.m.c.i.embedder.EclipseLogger - Using 'UTF-8' encoding to copy filtered resources.
2018-08-09 11:08:58,530 [Worker-158] INFO  o.e.m.c.i.embedder.EclipseLogger - Copying 3 resources
2018-08-09 11:08:58,546 [Worker-158] INFO  o.e.m.c.i.embedder.EclipseLogger - Using 'UTF-8' encoding to copy filtered resources.
2018-08-09 11:08:58,546 [Worker-158] INFO  o.e.m.c.i.embedder.EclipseLogger - skip non existing resourceDirectory C:\Users\b005204\Automation POC\poc-project\src\test\resources
